{"/Users/sero/Downloads/ecoinvent_interface-2.0.dev1/ecoinvent-interface-js/src/index.ts": {"path":"/Users/sero/Downloads/ecoinvent_interface-2.0.dev1/ecoinvent-interface-js/src/index.ts","statementMap":{"0":{"start":{"line":20,"column":23},"end":{"line":20,"column":30}}},"fnMap":{},"branchMap":{},"s":{"0":0},"f":{},"b":{}}
,"/Users/sero/Downloads/ecoinvent_interface-2.0.dev1/ecoinvent-interface-js/src/core/interface-base.ts": {"path":"/Users/sero/Downloads/ecoinvent_interface-2.0.dev1/ecoinvent-interface-js/src/core/interface-base.ts","statementMap":{"0":{"start":{"line":58,"column":0},"end":{"line":58,"column":16}},"1":{"start":{"line":1,"column":0},"end":{"line":1,"column":26}},"2":{"start":{"line":3,"column":0},"end":{"line":3,"column":58}},"3":{"start":{"line":4,"column":0},"end":{"line":4,"column":46}},"4":{"start":{"line":7,"column":16},"end":{"line":7,"column":23}},"5":{"start":{"line":13,"column":2},"end":{"line":26,"column":4}},"6":{"start":{"line":14,"column":27},"end":{"line":14,"column":43}},"7":{"start":{"line":16,"column":4},"end":{"line":23,"column":6}},"8":{"start":{"line":18,"column":23},"end":{"line":18,"column":44}},"9":{"start":{"line":19,"column":6},"end":{"line":21,"column":7}},"10":{"start":{"line":20,"column":8},"end":{"line":20,"column":31}},"11":{"start":{"line":22,"column":6},"end":{"line":22,"column":46}},"12":{"start":{"line":25,"column":4},"end":{"line":25,"column":22}},"13":{"start":{"line":33,"column":2},"end":{"line":52,"column":4}},"14":{"start":{"line":34,"column":27},"end":{"line":34,"column":43}},"15":{"start":{"line":36,"column":4},"end":{"line":49,"column":6}},"16":{"start":{"line":38,"column":23},"end":{"line":38,"column":44}},"17":{"start":{"line":39,"column":6},"end":{"line":41,"column":7}},"18":{"start":{"line":40,"column":8},"end":{"line":40,"column":31}},"19":{"start":{"line":43,"column":18},"end":{"line":43,"column":28}},"20":{"start":{"line":44,"column":6},"end":{"line":46,"column":7}},"21":{"start":{"line":45,"column":8},"end":{"line":45,"column":39}},"22":{"start":{"line":48,"column":6},"end":{"line":48,"column":46}},"23":{"start":{"line":51,"column":4},"end":{"line":51,"column":22}},"24":{"start":{"line":59,"column":31},"end":{"line":63,"column":4}},"25":{"start":{"line":65,"column":2},"end":{"line":67,"column":3}},"26":{"start":{"line":66,"column":4},"end":{"line":66,"column":41}},"27":{"start":{"line":69,"column":2},"end":{"line":69,"column":16}},"28":{"start":{"line":97,"column":4},"end":{"line":99,"column":5}},"29":{"start":{"line":98,"column":6},"end":{"line":98,"column":67}},"30":{"start":{"line":100,"column":4},"end":{"line":100,"column":38}},"31":{"start":{"line":102,"column":4},"end":{"line":104,"column":5}},"32":{"start":{"line":103,"column":6},"end":{"line":103,"column":67}},"33":{"start":{"line":105,"column":4},"end":{"line":105,"column":38}},"34":{"start":{"line":107,"column":4},"end":{"line":107,"column":29}},"35":{"start":{"line":108,"column":4},"end":{"line":108,"column":45}},"36":{"start":{"line":109,"column":4},"end":{"line":109,"column":58}},"37":{"start":{"line":111,"column":4},"end":{"line":119,"column":7}},"38":{"start":{"line":126,"column":21},"end":{"line":131,"column":6}},"39":{"start":{"line":133,"column":4},"end":{"line":133,"column":41}},"40":{"start":{"line":135,"column":4},"end":{"line":138,"column":7}},"41":{"start":{"line":146,"column":21},"end":{"line":150,"column":6}},"42":{"start":{"line":152,"column":4},"end":{"line":152,"column":41}},"43":{"start":{"line":154,"column":4},"end":{"line":157,"column":7}},"44":{"start":{"line":166,"column":19},"end":{"line":166,"column":32}},"45":{"start":{"line":167,"column":20},"end":{"line":171,"column":6}},"46":{"start":{"line":173,"column":4},"end":{"line":186,"column":5}},"47":{"start":{"line":174,"column":23},"end":{"line":177,"column":8}},"48":{"start":{"line":179,"column":21},"end":{"line":179,"column":34}},"49":{"start":{"line":180,"column":6},"end":{"line":180,"column":36}},"50":{"start":{"line":181,"column":6},"end":{"line":181,"column":45}},"51":{"start":{"line":182,"column":6},"end":{"line":182,"column":47}},"52":{"start":{"line":184,"column":6},"end":{"line":184,"column":63}},"53":{"start":{"line":185,"column":6},"end":{"line":185,"column":18}},"54":{"start":{"line":194,"column":23},"end":{"line":194,"column":54}},"55":{"start":{"line":195,"column":20},"end":{"line":200,"column":6}},"56":{"start":{"line":202,"column":4},"end":{"line":202,"column":49}},"57":{"start":{"line":204,"column":21},"end":{"line":207,"column":6}},"58":{"start":{"line":209,"column":4},"end":{"line":209,"column":25}},"59":{"start":{"line":217,"column":21},"end":{"line":217,"column":44}},"60":{"start":{"line":218,"column":20},"end":{"line":223,"column":6}},"61":{"start":{"line":225,"column":4},"end":{"line":225,"column":47}},"62":{"start":{"line":227,"column":21},"end":{"line":230,"column":6}},"63":{"start":{"line":232,"column":4},"end":{"line":232,"column":25}},"64":{"start":{"line":250,"column":16},"end":{"line":250,"column":63}},"65":{"start":{"line":251,"column":20},"end":{"line":256,"column":6}},"66":{"start":{"line":258,"column":21},"end":{"line":261,"column":6}},"67":{"start":{"line":263,"column":19},"end":{"line":263,"column":45}},"68":{"start":{"line":265,"column":4},"end":{"line":265,"column":67}},"69":{"start":{"line":267,"column":4},"end":{"line":267,"column":38}},"70":{"start":{"line":290,"column":4},"end":{"line":337,"column":5}},"71":{"start":{"line":292,"column":17},"end":{"line":292,"column":30}},"72":{"start":{"line":293,"column":19},"end":{"line":293,"column":34}},"73":{"start":{"line":294,"column":27},"end":{"line":294,"column":53}},"74":{"start":{"line":295,"column":36},"end":{"line":295,"column":49}},"75":{"start":{"line":297,"column":23},"end":{"line":304,"column":8}},"76":{"start":{"line":306,"column":6},"end":{"line":308,"column":7}},"77":{"start":{"line":307,"column":8},"end":{"line":307,"column":80}},"78":{"start":{"line":310,"column":25},"end":{"line":310,"column":83}},"79":{"start":{"line":312,"column":6},"end":{"line":312,"column":67}},"80":{"start":{"line":314,"column":6},"end":{"line":318,"column":9}},"81":{"start":{"line":320,"column":6},"end":{"line":331,"column":7}},"82":{"start":{"line":322,"column":21},"end":{"line":322,"column":36}},"83":{"start":{"line":323,"column":21},"end":{"line":323,"column":40}},"84":{"start":{"line":324,"column":23},"end":{"line":324,"column":54}},"85":{"start":{"line":325,"column":23},"end":{"line":325,"column":75}},"86":{"start":{"line":327,"column":8},"end":{"line":327,"column":45}},"87":{"start":{"line":330,"column":8},"end":{"line":330,"column":34}},"88":{"start":{"line":336,"column":6},"end":{"line":336,"column":88}},"89":{"start":{"line":344,"column":18},"end":{"line":344,"column":43}},"90":{"start":{"line":345,"column":4},"end":{"line":345,"column":53}},"91":{"start":{"line":345,"column":35},"end":{"line":345,"column":51}},"92":{"start":{"line":355,"column":18},"end":{"line":355,"column":57}},"93":{"start":{"line":356,"column":19},"end":{"line":356,"column":74}},"94":{"start":{"line":356,"column":52},"end":{"line":356,"column":73}},"95":{"start":{"line":358,"column":4},"end":{"line":361,"column":5}},"96":{"start":{"line":359,"column":32},"end":{"line":359,"column":56}},"97":{"start":{"line":360,"column":6},"end":{"line":360,"column":74}},"98":{"start":{"line":360,"column":47},"end":{"line":360,"column":72}},"99":{"start":{"line":363,"column":4},"end":{"line":363,"column":20}},"100":{"start":{"line":373,"column":21},"end":{"line":373,"column":46}},"101":{"start":{"line":376,"column":4},"end":{"line":391,"column":5}},"102":{"start":{"line":377,"column":27},"end":{"line":377,"column":84}},"103":{"start":{"line":377,"column":55},"end":{"line":377,"column":83}},"104":{"start":{"line":379,"column":6},"end":{"line":381,"column":7}},"105":{"start":{"line":380,"column":8},"end":{"line":380,"column":56}},"106":{"start":{"line":383,"column":6},"end":{"line":383,"column":26}},"107":{"start":{"line":386,"column":6},"end":{"line":388,"column":7}},"108":{"start":{"line":387,"column":8},"end":{"line":387,"column":24}},"109":{"start":{"line":390,"column":6},"end":{"line":390,"column":54}},"110":{"start":{"line":75,"column":0},"end":{"line":75,"column":13}},"111":{"start":{"line":145,"column":8},"end":{"line":158,"column":null}},"112":{"start":{"line":193,"column":8},"end":{"line":210,"column":null}},"113":{"start":{"line":216,"column":8},"end":{"line":233,"column":null}},"114":{"start":{"line":244,"column":8},"end":{"line":268,"column":null}},"115":{"start":{"line":372,"column":8},"end":{"line":392,"column":null}}},"fnMap":{"0":{"name":"loggedIn","decl":{"start":{"line":12,"column":9},"end":{"line":12,"column":17}},"loc":{"start":{"line":12,"column":17},"end":{"line":27,"column":1}}},"1":{"name":"(anonymous_13)","decl":{"start":{"line":13,"column":9},"end":{"line":13,"column":18}},"loc":{"start":{"line":13,"column":84},"end":{"line":26,"column":3}}},"2":{"name":"(anonymous_14)","decl":{"start":{"line":16,"column":23},"end":{"line":16,"column":28}},"loc":{"start":{"line":16,"column":52},"end":{"line":23,"column":5}}},"3":{"name":"freshLogin","decl":{"start":{"line":32,"column":9},"end":{"line":32,"column":19}},"loc":{"start":{"line":32,"column":19},"end":{"line":53,"column":1}}},"4":{"name":"(anonymous_16)","decl":{"start":{"line":33,"column":9},"end":{"line":33,"column":18}},"loc":{"start":{"line":33,"column":84},"end":{"line":52,"column":3}}},"5":{"name":"(anonymous_17)","decl":{"start":{"line":36,"column":23},"end":{"line":36,"column":28}},"loc":{"start":{"line":36,"column":52},"end":{"line":49,"column":5}}},"6":{"name":"formatDict","decl":{"start":{"line":58,"column":16},"end":{"line":58,"column":26}},"loc":{"start":{"line":58,"column":35},"end":{"line":70,"column":1}}},"7":{"name":"(anonymous_19)","decl":{"start":{"line":92,"column":2},"end":{"line":92,"column":null}},"loc":{"start":{"line":95,"column":42},"end":{"line":120,"column":3}}},"8":{"name":"(anonymous_20)","decl":{"start":{"line":125,"column":2},"end":{"line":125,"column":7}},"loc":{"start":{"line":125,"column":13},"end":{"line":139,"column":3}}},"9":{"name":"(anonymous_21)","decl":{"start":{"line":145,"column":2},"end":{"line":145,"column":7}},"loc":{"start":{"line":145,"column":21},"end":{"line":158,"column":3}}},"10":{"name":"(anonymous_22)","decl":{"start":{"line":165,"column":10},"end":{"line":165,"column":15}},"loc":{"start":{"line":165,"column":45},"end":{"line":187,"column":3}}},"11":{"name":"(anonymous_23)","decl":{"start":{"line":193,"column":2},"end":{"line":193,"column":7}},"loc":{"start":{"line":193,"column":22},"end":{"line":210,"column":3}}},"12":{"name":"(anonymous_24)","decl":{"start":{"line":216,"column":2},"end":{"line":216,"column":7}},"loc":{"start":{"line":216,"column":20},"end":{"line":233,"column":3}}},"13":{"name":"(anonymous_25)","decl":{"start":{"line":244,"column":2},"end":{"line":244,"column":7}},"loc":{"start":{"line":248,"column":21},"end":{"line":268,"column":3}}},"14":{"name":"(anonymous_26)","decl":{"start":{"line":280,"column":2},"end":{"line":280,"column":7}},"loc":{"start":{"line":286,"column":27},"end":{"line":338,"column":3}}},"15":{"name":"(anonymous_27)","decl":{"start":{"line":343,"column":2},"end":{"line":343,"column":7}},"loc":{"start":{"line":343,"column":20},"end":{"line":346,"column":3}}},"16":{"name":"(anonymous_28)","decl":{"start":{"line":345,"column":21},"end":{"line":345,"column":22}},"loc":{"start":{"line":345,"column":35},"end":{"line":345,"column":51}}},"17":{"name":"(anonymous_29)","decl":{"start":{"line":354,"column":2},"end":{"line":354,"column":7}},"loc":{"start":{"line":354,"column":67},"end":{"line":364,"column":3}}},"18":{"name":"(anonymous_30)","decl":{"start":{"line":356,"column":38},"end":{"line":356,"column":39}},"loc":{"start":{"line":356,"column":52},"end":{"line":356,"column":73}}},"19":{"name":"(anonymous_31)","decl":{"start":{"line":359,"column":32},"end":{"line":359,"column":45}},"loc":{"start":{"line":359,"column":32},"end":{"line":359,"column":56}}},"20":{"name":"(anonymous_32)","decl":{"start":{"line":360,"column":30},"end":{"line":360,"column":31}},"loc":{"start":{"line":360,"column":47},"end":{"line":360,"column":72}}},"21":{"name":"(anonymous_33)","decl":{"start":{"line":372,"column":2},"end":{"line":372,"column":7}},"loc":{"start":{"line":372,"column":43},"end":{"line":392,"column":3}}},"22":{"name":"(anonymous_34)","decl":{"start":{"line":377,"column":41},"end":{"line":377,"column":42}},"loc":{"start":{"line":377,"column":55},"end":{"line":377,"column":83}}}},"branchMap":{"0":{"loc":{"start":{"line":19,"column":6},"end":{"line":21,"column":7}},"type":"if","locations":[{"start":{"line":19,"column":6},"end":{"line":21,"column":7}}]},"1":{"loc":{"start":{"line":39,"column":6},"end":{"line":41,"column":7}},"type":"if","locations":[{"start":{"line":39,"column":6},"end":{"line":41,"column":7}}]},"2":{"loc":{"start":{"line":44,"column":6},"end":{"line":46,"column":7}},"type":"if","locations":[{"start":{"line":44,"column":6},"end":{"line":46,"column":7}}]},"3":{"loc":{"start":{"line":44,"column":10},"end":{"line":44,"column":69}},"type":"binary-expr","locations":[{"start":{"line":44,"column":10},"end":{"line":44,"column":30}},{"start":{"line":44,"column":34},"end":{"line":44,"column":69}}]},"4":{"loc":{"start":{"line":65,"column":2},"end":{"line":67,"column":3}},"type":"if","locations":[{"start":{"line":65,"column":2},"end":{"line":67,"column":3}}]},"5":{"loc":{"start":{"line":97,"column":4},"end":{"line":99,"column":5}},"type":"if","locations":[{"start":{"line":97,"column":4},"end":{"line":99,"column":5}}]},"6":{"loc":{"start":{"line":102,"column":4},"end":{"line":104,"column":5}},"type":"if","locations":[{"start":{"line":102,"column":4},"end":{"line":104,"column":5}}]},"7":{"loc":{"start":{"line":107,"column":16},"end":{"line":107,"column":28}},"type":"binary-expr","locations":[{"start":{"line":107,"column":16},"end":{"line":107,"column":20}},{"start":{"line":107,"column":24},"end":{"line":107,"column":28}}]},"8":{"loc":{"start":{"line":108,"column":25},"end":{"line":108,"column":44}},"type":"binary-expr","locations":[{"start":{"line":108,"column":25},"end":{"line":108,"column":38}},{"start":{"line":108,"column":42},"end":{"line":108,"column":44}}]},"9":{"loc":{"start":{"line":285,"column":4},"end":{"line":285,"column":40}},"type":"default-arg","locations":[{"start":{"line":285,"column":38},"end":{"line":285,"column":40}}]},"10":{"loc":{"start":{"line":286,"column":4},"end":{"line":286,"column":27}},"type":"default-arg","locations":[{"start":{"line":286,"column":22},"end":{"line":286,"column":27}}]},"11":{"loc":{"start":{"line":290,"column":4},"end":{"line":337,"column":5}},"type":"if","locations":[{"start":{"line":290,"column":4},"end":{"line":337,"column":5}},{"start":{"line":332,"column":11},"end":{"line":337,"column":5}}]},"12":{"loc":{"start":{"line":306,"column":6},"end":{"line":308,"column":7}},"type":"if","locations":[{"start":{"line":306,"column":6},"end":{"line":308,"column":7}}]},"13":{"loc":{"start":{"line":310,"column":46},"end":{"line":310,"column":82}},"type":"cond-expr","locations":[{"start":{"line":310,"column":55},"end":{"line":310,"column":71}},{"start":{"line":310,"column":74},"end":{"line":310,"column":82}}]},"14":{"loc":{"start":{"line":320,"column":6},"end":{"line":331,"column":7}},"type":"if","locations":[{"start":{"line":320,"column":6},"end":{"line":331,"column":7}}]},"15":{"loc":{"start":{"line":354,"column":42},"end":{"line":354,"column":67}},"type":"default-arg","locations":[{"start":{"line":354,"column":63},"end":{"line":354,"column":67}}]},"16":{"loc":{"start":{"line":358,"column":4},"end":{"line":361,"column":5}},"type":"if","locations":[{"start":{"line":358,"column":4},"end":{"line":361,"column":5}}]},"17":{"loc":{"start":{"line":360,"column":47},"end":{"line":360,"column":72}},"type":"binary-expr","locations":[{"start":{"line":360,"column":47},"end":{"line":360,"column":65}},{"start":{"line":360,"column":69},"end":{"line":360,"column":72}}]},"18":{"loc":{"start":{"line":376,"column":4},"end":{"line":391,"column":5}},"type":"if","locations":[{"start":{"line":376,"column":4},"end":{"line":391,"column":5}},{"start":{"line":384,"column":11},"end":{"line":391,"column":5}}]},"19":{"loc":{"start":{"line":379,"column":6},"end":{"line":381,"column":7}},"type":"if","locations":[{"start":{"line":379,"column":6},"end":{"line":381,"column":7}}]},"20":{"loc":{"start":{"line":386,"column":6},"end":{"line":388,"column":7}},"type":"if","locations":[{"start":{"line":386,"column":6},"end":{"line":388,"column":7}}]}},"s":{"0":2,"1":2,"2":2,"3":2,"4":2,"5":2,"6":2,"7":2,"8":1,"9":1,"10":0,"11":1,"12":2,"13":8,"14":8,"15":8,"16":12,"17":12,"18":0,"19":12,"20":12,"21":0,"22":12,"23":8,"24":8,"25":8,"26":1,"27":8,"28":18,"29":0,"30":18,"31":18,"32":0,"33":18,"34":18,"35":18,"36":18,"37":18,"38":17,"39":17,"40":16,"41":1,"42":1,"43":1,"44":18,"45":18,"46":18,"47":18,"48":17,"49":17,"50":17,"51":17,"52":1,"53":1,"54":3,"55":3,"56":3,"57":3,"58":3,"59":4,"60":4,"61":4,"62":4,"63":4,"64":3,"65":3,"66":3,"67":3,"68":3,"69":3,"70":0,"71":0,"72":0,"73":0,"74":0,"75":0,"76":0,"77":0,"78":0,"79":0,"80":0,"81":0,"82":0,"83":0,"84":0,"85":0,"86":0,"87":0,"88":0,"89":1,"90":1,"91":3,"92":0,"93":0,"94":0,"95":0,"96":0,"97":0,"98":0,"99":0,"100":2,"101":2,"102":2,"103":3,"104":2,"105":1,"106":1,"107":0,"108":0,"109":0,"110":2,"111":2,"112":2,"113":2,"114":2,"115":2},"f":{"0":2,"1":2,"2":1,"3":8,"4":8,"5":12,"6":8,"7":18,"8":17,"9":1,"10":18,"11":3,"12":4,"13":3,"14":0,"15":1,"16":3,"17":0,"18":0,"19":0,"20":0,"21":2,"22":3},"b":{"0":[0],"1":[0],"2":[0],"3":[12,12],"4":[1],"5":[0],"6":[0],"7":[18,18],"8":[18,18],"9":[0],"10":[0],"11":[0,0],"12":[0],"13":[0,0],"14":[0],"15":[0],"16":[0],"17":[0,0],"18":[2,0],"19":[1],"20":[0]}}
,"/Users/sero/Downloads/ecoinvent_interface-2.0.dev1/ecoinvent-interface-js/src/core/settings.ts": {"path":"/Users/sero/Downloads/ecoinvent_interface-2.0.dev1/ecoinvent-interface-js/src/core/settings.ts","statementMap":{"0":{"start":{"line":63,"column":0},"end":{"line":63,"column":16}},"1":{"start":{"line":2,"column":0},"end":{"line":2,"column":88}},"2":{"start":{"line":27,"column":4},"end":{"line":27,"column":39}},"3":{"start":{"line":28,"column":4},"end":{"line":28,"column":39}},"4":{"start":{"line":29,"column":4},"end":{"line":29,"column":43}},"5":{"start":{"line":32,"column":4},"end":{"line":42,"column":5}},"6":{"start":{"line":33,"column":6},"end":{"line":35,"column":7}},"7":{"start":{"line":34,"column":8},"end":{"line":34,"column":48}},"8":{"start":{"line":36,"column":6},"end":{"line":38,"column":7}},"9":{"start":{"line":37,"column":8},"end":{"line":37,"column":48}},"10":{"start":{"line":39,"column":6},"end":{"line":41,"column":7}},"11":{"start":{"line":40,"column":8},"end":{"line":40,"column":53}},"12":{"start":{"line":45,"column":4},"end":{"line":47,"column":5}},"13":{"start":{"line":46,"column":6},"end":{"line":46,"column":51}},"14":{"start":{"line":48,"column":4},"end":{"line":50,"column":5}},"15":{"start":{"line":49,"column":6},"end":{"line":49,"column":51}},"16":{"start":{"line":51,"column":4},"end":{"line":53,"column":5}},"17":{"start":{"line":52,"column":6},"end":{"line":52,"column":55}},"18":{"start":{"line":13,"column":0},"end":{"line":13,"column":13}},"19":{"start":{"line":64,"column":2},"end":{"line":66,"column":3}},"20":{"start":{"line":65,"column":4},"end":{"line":65,"column":99}},"21":{"start":{"line":68,"column":2},"end":{"line":68,"column":38}}},"fnMap":{"0":{"name":"(anonymous_0)","decl":{"start":{"line":23,"column":2},"end":{"line":23,"column":14}},"loc":{"start":{"line":23,"column":34},"end":{"line":54,"column":3}}},"1":{"name":"permanentSetting","decl":{"start":{"line":63,"column":16},"end":{"line":63,"column":32}},"loc":{"start":{"line":63,"column":59},"end":{"line":69,"column":1}}}},"branchMap":{"0":{"loc":{"start":{"line":32,"column":4},"end":{"line":42,"column":5}},"type":"if","locations":[{"start":{"line":32,"column":4},"end":{"line":42,"column":5}}]},"1":{"loc":{"start":{"line":32,"column":8},"end":{"line":32,"column":53}},"type":"binary-expr","locations":[{"start":{"line":32,"column":8},"end":{"line":32,"column":38}},{"start":{"line":32,"column":42},"end":{"line":32,"column":53}}]},"2":{"loc":{"start":{"line":33,"column":6},"end":{"line":35,"column":7}},"type":"if","locations":[{"start":{"line":33,"column":6},"end":{"line":35,"column":7}}]},"3":{"loc":{"start":{"line":33,"column":10},"end":{"line":33,"column":51}},"type":"binary-expr","locations":[{"start":{"line":33,"column":10},"end":{"line":33,"column":24}},{"start":{"line":33,"column":28},"end":{"line":33,"column":51}}]},"4":{"loc":{"start":{"line":36,"column":6},"end":{"line":38,"column":7}},"type":"if","locations":[{"start":{"line":36,"column":6},"end":{"line":38,"column":7}}]},"5":{"loc":{"start":{"line":36,"column":10},"end":{"line":36,"column":51}},"type":"binary-expr","locations":[{"start":{"line":36,"column":10},"end":{"line":36,"column":24}},{"start":{"line":36,"column":28},"end":{"line":36,"column":51}}]},"6":{"loc":{"start":{"line":39,"column":6},"end":{"line":41,"column":7}},"type":"if","locations":[{"start":{"line":39,"column":6},"end":{"line":41,"column":7}}]},"7":{"loc":{"start":{"line":39,"column":10},"end":{"line":39,"column":56}},"type":"binary-expr","locations":[{"start":{"line":39,"column":10},"end":{"line":39,"column":26}},{"start":{"line":39,"column":30},"end":{"line":39,"column":56}}]},"8":{"loc":{"start":{"line":45,"column":4},"end":{"line":47,"column":5}},"type":"if","locations":[{"start":{"line":45,"column":4},"end":{"line":47,"column":5}}]},"9":{"loc":{"start":{"line":48,"column":4},"end":{"line":50,"column":5}},"type":"if","locations":[{"start":{"line":48,"column":4},"end":{"line":50,"column":5}}]},"10":{"loc":{"start":{"line":51,"column":4},"end":{"line":53,"column":5}},"type":"if","locations":[{"start":{"line":51,"column":4},"end":{"line":53,"column":5}}]},"11":{"loc":{"start":{"line":64,"column":2},"end":{"line":66,"column":3}},"type":"if","locations":[{"start":{"line":64,"column":2},"end":{"line":66,"column":3}}]}},"s":{"0":3,"1":3,"2":23,"3":23,"4":23,"5":23,"6":23,"7":2,"8":23,"9":2,"10":23,"11":2,"12":23,"13":1,"14":23,"15":1,"16":23,"17":19,"18":3,"19":0,"20":0,"21":0},"f":{"0":23,"1":0},"b":{"0":[23],"1":[23,23],"2":[2],"3":[23,3],"4":[2],"5":[23,3],"6":[2],"7":[23,21],"8":[1],"9":[1],"10":[19],"11":[0]}}
,"/Users/sero/Downloads/ecoinvent_interface-2.0.dev1/ecoinvent-interface-js/src/process/process.ts": {"path":"/Users/sero/Downloads/ecoinvent_interface-2.0.dev1/ecoinvent-interface-js/src/process/process.ts","statementMap":{"0":{"start":{"line":6,"column":16},"end":{"line":6,"column":23}},"1":{"start":{"line":11,"column":0},"end":{"line":11,"column":null}},"2":{"start":{"line":12,"column":2},"end":{"line":12,"column":null}},"3":{"start":{"line":13,"column":2},"end":{"line":13,"column":null}},"4":{"start":{"line":14,"column":2},"end":{"line":14,"column":null}},"5":{"start":{"line":15,"column":2},"end":{"line":15,"column":null}},"6":{"start":{"line":16,"column":2},"end":{"line":16,"column":null}},"7":{"start":{"line":23,"column":2},"end":{"line":36,"column":3}},"8":{"start":{"line":25,"column":6},"end":{"line":25,"column":28}},"9":{"start":{"line":27,"column":6},"end":{"line":27,"column":36}},"10":{"start":{"line":29,"column":6},"end":{"line":29,"column":44}},"11":{"start":{"line":31,"column":6},"end":{"line":31,"column":30}},"12":{"start":{"line":33,"column":6},"end":{"line":33,"column":68}},"13":{"start":{"line":35,"column":6},"end":{"line":35,"column":60}},"14":{"start":{"line":43,"column":2},"end":{"line":56,"column":4}},"15":{"start":{"line":44,"column":27},"end":{"line":44,"column":43}},"16":{"start":{"line":46,"column":4},"end":{"line":53,"column":6}},"17":{"start":{"line":48,"column":23},"end":{"line":48,"column":47}},"18":{"start":{"line":49,"column":6},"end":{"line":51,"column":7}},"19":{"start":{"line":50,"column":8},"end":{"line":50,"column":62}},"20":{"start":{"line":52,"column":6},"end":{"line":52,"column":46}},"21":{"start":{"line":55,"column":4},"end":{"line":55,"column":22}},"22":{"start":{"line":65,"column":17},"end":{"line":65,"column":29}},"23":{"start":{"line":66,"column":41},"end":{"line":66,"column":43}},"24":{"start":{"line":68,"column":2},"end":{"line":70,"column":5}},"25":{"start":{"line":69,"column":4},"end":{"line":69,"column":24}},"26":{"start":{"line":72,"column":2},"end":{"line":72,"column":35}},"27":{"start":{"line":90,"column":21},"end":{"line":90,"column":46}},"28":{"start":{"line":91,"column":4},"end":{"line":93,"column":5}},"29":{"start":{"line":92,"column":6},"end":{"line":92,"column":60}},"30":{"start":{"line":94,"column":4},"end":{"line":94,"column":27}},"31":{"start":{"line":96,"column":34},"end":{"line":96,"column":75}},"32":{"start":{"line":97,"column":34},"end":{"line":97,"column":75}},"33":{"start":{"line":99,"column":4},"end":{"line":101,"column":5}},"34":{"start":{"line":100,"column":6},"end":{"line":100,"column":89}},"35":{"start":{"line":103,"column":4},"end":{"line":103,"column":45}},"36":{"start":{"line":112,"column":4},"end":{"line":114,"column":5}},"37":{"start":{"line":113,"column":6},"end":{"line":113,"column":57}},"38":{"start":{"line":115,"column":4},"end":{"line":115,"column":31}},"39":{"start":{"line":125,"column":20},"end":{"line":130,"column":6}},"40":{"start":{"line":132,"column":21},"end":{"line":140,"column":6}},"41":{"start":{"line":142,"column":4},"end":{"line":142,"column":42}},"42":{"start":{"line":144,"column":4},"end":{"line":144,"column":25}},"43":{"start":{"line":151,"column":4},"end":{"line":151,"column":54}},"44":{"start":{"line":158,"column":4},"end":{"line":158,"column":68}},"45":{"start":{"line":169,"column":32},"end":{"line":169,"column":71}},"46":{"start":{"line":171,"column":29},"end":{"line":171,"column":94}},"47":{"start":{"line":172,"column":18},"end":{"line":176,"column":10}},"48":{"start":{"line":173,"column":6},"end":{"line":173,"column":26}},"49":{"start":{"line":174,"column":6},"end":{"line":174,"column":32}},"50":{"start":{"line":175,"column":6},"end":{"line":175,"column":17}},"51":{"start":{"line":178,"column":4},"end":{"line":181,"column":5}},"52":{"start":{"line":179,"column":24},"end":{"line":179,"column":42}},"53":{"start":{"line":180,"column":6},"end":{"line":180,"column":94}},"54":{"start":{"line":183,"column":17},"end":{"line":183,"column":43}},"55":{"start":{"line":185,"column":44},"end":{"line":190,"column":6}},"56":{"start":{"line":192,"column":4},"end":{"line":194,"column":5}},"57":{"start":{"line":193,"column":6},"end":{"line":193,"column":39}},"58":{"start":{"line":196,"column":26},"end":{"line":196,"column":44}},"59":{"start":{"line":197,"column":19},"end":{"line":197,"column":56}},"60":{"start":{"line":198,"column":21},"end":{"line":198,"column":108}},"61":{"start":{"line":200,"column":4},"end":{"line":210,"column":5}},"62":{"start":{"line":201,"column":23},"end":{"line":205,"column":8}},"63":{"start":{"line":207,"column":21},"end":{"line":207,"column":47}},"64":{"start":{"line":208,"column":6},"end":{"line":208,"column":69}},"65":{"start":{"line":209,"column":6},"end":{"line":209,"column":40}},"66":{"start":{"line":212,"column":4},"end":{"line":218,"column":6}},"67":{"start":{"line":220,"column":4},"end":{"line":220,"column":38}},"68":{"start":{"line":124,"column":8},"end":{"line":145,"column":null}},"69":{"start":{"line":168,"column":8},"end":{"line":221,"column":null}}},"fnMap":{"0":{"name":"(anonymous_2)","decl":{"start":{"line":11,"column":0},"end":{"line":11,"column":6}},"loc":{"start":{"line":11,"column":27},"end":{"line":17,"column":1}}},"1":{"name":"getProcessFileTypeDisplayName","decl":{"start":{"line":22,"column":9},"end":{"line":22,"column":38}},"loc":{"start":{"line":22,"column":60},"end":{"line":37,"column":1}}},"2":{"name":"selectedProcess","decl":{"start":{"line":42,"column":9},"end":{"line":42,"column":24}},"loc":{"start":{"line":42,"column":24},"end":{"line":57,"column":1}}},"3":{"name":"(anonymous_5)","decl":{"start":{"line":43,"column":9},"end":{"line":43,"column":18}},"loc":{"start":{"line":43,"column":84},"end":{"line":56,"column":3}}},"4":{"name":"(anonymous_6)","decl":{"start":{"line":46,"column":23},"end":{"line":46,"column":32}},"loc":{"start":{"line":46,"column":46},"end":{"line":53,"column":5}}},"5":{"name":"splitUrl","decl":{"start":{"line":64,"column":9},"end":{"line":64,"column":17}},"loc":{"start":{"line":64,"column":29},"end":{"line":73,"column":1}}},"6":{"name":"(anonymous_8)","decl":{"start":{"line":68,"column":30},"end":{"line":68,"column":31}},"loc":{"start":{"line":68,"column":45},"end":{"line":70,"column":3}}},"7":{"name":"(anonymous_9)","decl":{"start":{"line":89,"column":2},"end":{"line":89,"column":7}},"loc":{"start":{"line":89,"column":55},"end":{"line":104,"column":3}}},"8":{"name":"(anonymous_10)","decl":{"start":{"line":111,"column":2},"end":{"line":111,"column":15}},"loc":{"start":{"line":111,"column":39},"end":{"line":116,"column":3}}},"9":{"name":"(anonymous_11)","decl":{"start":{"line":124,"column":2},"end":{"line":124,"column":7}},"loc":{"start":{"line":124,"column":32},"end":{"line":145,"column":3}}},"10":{"name":"(anonymous_12)","decl":{"start":{"line":150,"column":2},"end":{"line":150,"column":7}},"loc":{"start":{"line":150,"column":20},"end":{"line":152,"column":3}}},"11":{"name":"(anonymous_13)","decl":{"start":{"line":157,"column":2},"end":{"line":157,"column":7}},"loc":{"start":{"line":157,"column":24},"end":{"line":159,"column":3}}},"12":{"name":"(anonymous_14)","decl":{"start":{"line":168,"column":2},"end":{"line":168,"column":7}},"loc":{"start":{"line":168,"column":60},"end":{"line":221,"column":3}}},"13":{"name":"(anonymous_15)","decl":{"start":{"line":172,"column":42},"end":{"line":172,"column":43}},"loc":{"start":{"line":172,"column":81},"end":{"line":176,"column":5}}}},"branchMap":{"0":{"loc":{"start":{"line":11,"column":12},"end":{"line":11,"column":null}},"type":"binary-expr","locations":[{"start":{"line":11,"column":12},"end":{"line":11,"column":27}},{"start":{"line":11,"column":12},"end":{"line":11,"column":null}}]},"1":{"loc":{"start":{"line":23,"column":2},"end":{"line":36,"column":3}},"type":"switch","locations":[{"start":{"line":24,"column":4},"end":{"line":25,"column":28}},{"start":{"line":26,"column":4},"end":{"line":27,"column":36}},{"start":{"line":28,"column":4},"end":{"line":29,"column":44}},{"start":{"line":30,"column":4},"end":{"line":31,"column":30}},{"start":{"line":32,"column":4},"end":{"line":33,"column":68}},{"start":{"line":34,"column":4},"end":{"line":35,"column":60}}]},"2":{"loc":{"start":{"line":49,"column":6},"end":{"line":51,"column":7}},"type":"if","locations":[{"start":{"line":49,"column":6},"end":{"line":51,"column":7}}]},"3":{"loc":{"start":{"line":91,"column":4},"end":{"line":93,"column":5}},"type":"if","locations":[{"start":{"line":91,"column":4},"end":{"line":93,"column":5}}]},"4":{"loc":{"start":{"line":96,"column":34},"end":{"line":96,"column":75}},"type":"binary-expr","locations":[{"start":{"line":96,"column":34},"end":{"line":96,"column":60}},{"start":{"line":96,"column":64},"end":{"line":96,"column":75}}]},"5":{"loc":{"start":{"line":99,"column":4},"end":{"line":101,"column":5}},"type":"if","locations":[{"start":{"line":99,"column":4},"end":{"line":101,"column":5}}]},"6":{"loc":{"start":{"line":111,"column":16},"end":{"line":111,"column":39}},"type":"default-arg","locations":[{"start":{"line":111,"column":36},"end":{"line":111,"column":39}}]},"7":{"loc":{"start":{"line":112,"column":4},"end":{"line":114,"column":5}},"type":"if","locations":[{"start":{"line":112,"column":4},"end":{"line":114,"column":5}}]},"8":{"loc":{"start":{"line":178,"column":4},"end":{"line":181,"column":5}},"type":"if","locations":[{"start":{"line":178,"column":4},"end":{"line":181,"column":5}}]},"9":{"loc":{"start":{"line":192,"column":4},"end":{"line":194,"column":5}},"type":"if","locations":[{"start":{"line":192,"column":4},"end":{"line":194,"column":5}}]},"10":{"loc":{"start":{"line":197,"column":19},"end":{"line":197,"column":56}},"type":"binary-expr","locations":[{"start":{"line":197,"column":19},"end":{"line":197,"column":43}},{"start":{"line":197,"column":47},"end":{"line":197,"column":56}}]},"11":{"loc":{"start":{"line":200,"column":4},"end":{"line":210,"column":5}},"type":"if","locations":[{"start":{"line":200,"column":4},"end":{"line":210,"column":5}}]}},"s":{"0":0,"1":0,"2":0,"3":0,"4":0,"5":0,"6":0,"7":0,"8":0,"9":0,"10":0,"11":0,"12":0,"13":0,"14":0,"15":0,"16":0,"17":0,"18":0,"19":0,"20":0,"21":0,"22":0,"23":0,"24":0,"25":0,"26":0,"27":0,"28":0,"29":0,"30":0,"31":0,"32":0,"33":0,"34":0,"35":0,"36":0,"37":0,"38":0,"39":0,"40":0,"41":0,"42":0,"43":0,"44":0,"45":0,"46":0,"47":0,"48":0,"49":0,"50":0,"51":0,"52":0,"53":0,"54":0,"55":0,"56":0,"57":0,"58":0,"59":0,"60":0,"61":0,"62":0,"63":0,"64":0,"65":0,"66":0,"67":0,"68":0,"69":0},"f":{"0":0,"1":0,"2":0,"3":0,"4":0,"5":0,"6":0,"7":0,"8":0,"9":0,"10":0,"11":0,"12":0,"13":0},"b":{"0":[0,0],"1":[0,0,0,0,0,0],"2":[0],"3":[0],"4":[0,0],"5":[0],"6":[0],"7":[0],"8":[0],"9":[0],"10":[0,0],"11":[0]}}
,"/Users/sero/Downloads/ecoinvent_interface-2.0.dev1/ecoinvent-interface-js/src/release/release.ts": {"path":"/Users/sero/Downloads/ecoinvent_interface-2.0.dev1/ecoinvent-interface-js/src/release/release.ts","statementMap":{"0":{"start":{"line":1,"column":0},"end":{"line":1,"column":67}},"1":{"start":{"line":2,"column":0},"end":{"line":2,"column":55}},"2":{"start":{"line":3,"column":0},"end":{"line":3,"column":29}},"3":{"start":{"line":4,"column":0},"end":{"line":4,"column":25}},"4":{"start":{"line":9,"column":0},"end":{"line":9,"column":null}},"5":{"start":{"line":10,"column":2},"end":{"line":10,"column":null}},"6":{"start":{"line":11,"column":2},"end":{"line":11,"column":null}},"7":{"start":{"line":12,"column":2},"end":{"line":12,"column":null}},"8":{"start":{"line":13,"column":2},"end":{"line":13,"column":null}},"9":{"start":{"line":14,"column":2},"end":{"line":14,"column":null}},"10":{"start":{"line":15,"column":2},"end":{"line":15,"column":null}},"11":{"start":{"line":22,"column":2},"end":{"line":37,"column":3}},"12":{"start":{"line":24,"column":6},"end":{"line":24,"column":69}},"13":{"start":{"line":26,"column":6},"end":{"line":26,"column":72}},"14":{"start":{"line":28,"column":6},"end":{"line":28,"column":73}},"15":{"start":{"line":30,"column":6},"end":{"line":30,"column":74}},"16":{"start":{"line":32,"column":6},"end":{"line":32,"column":78}},"17":{"start":{"line":34,"column":6},"end":{"line":34,"column":79}},"18":{"start":{"line":36,"column":6},"end":{"line":36,"column":55}},"19":{"start":{"line":48,"column":19},"end":{"line":48,"column":51}},"20":{"start":{"line":49,"column":2},"end":{"line":51,"column":53}},"21":{"start":{"line":62,"column":20},"end":{"line":62,"column":47}},"22":{"start":{"line":63,"column":4},"end":{"line":66,"column":11}},"23":{"start":{"line":64,"column":6},"end":{"line":64,"column":38}},"24":{"start":{"line":65,"column":6},"end":{"line":65,"column":17}},"25":{"start":{"line":81,"column":20},"end":{"line":81,"column":48}},"26":{"start":{"line":83,"column":4},"end":{"line":85,"column":5}},"27":{"start":{"line":84,"column":6},"end":{"line":84,"column":54}},"28":{"start":{"line":87,"column":4},"end":{"line":98,"column":6}},"29":{"start":{"line":107,"column":18},"end":{"line":107,"column":57}},"30":{"start":{"line":108,"column":4},"end":{"line":111,"column":11}},"31":{"start":{"line":109,"column":6},"end":{"line":109,"column":38}},"32":{"start":{"line":110,"column":6},"end":{"line":110,"column":17}},"33":{"start":{"line":128,"column":23},"end":{"line":128,"column":57}},"34":{"start":{"line":130,"column":4},"end":{"line":132,"column":5}},"35":{"start":{"line":131,"column":6},"end":{"line":131,"column":80}},"36":{"start":{"line":134,"column":4},"end":{"line":145,"column":6}},"37":{"start":{"line":154,"column":18},"end":{"line":154,"column":57}},"38":{"start":{"line":155,"column":4},"end":{"line":155,"column":26}},"39":{"start":{"line":174,"column":17},"end":{"line":174,"column":58}},"40":{"start":{"line":175,"column":21},"end":{"line":175,"column":70}},"41":{"start":{"line":177,"column":27},"end":{"line":177,"column":60}},"42":{"start":{"line":179,"column":4},"end":{"line":181,"column":5}},"43":{"start":{"line":180,"column":6},"end":{"line":180,"column":60}},"44":{"start":{"line":183,"column":4},"end":{"line":194,"column":6}},"45":{"start":{"line":203,"column":18},"end":{"line":203,"column":57}},"46":{"start":{"line":204,"column":4},"end":{"line":207,"column":11}},"47":{"start":{"line":205,"column":6},"end":{"line":205,"column":38}},"48":{"start":{"line":206,"column":6},"end":{"line":206,"column":17}},"49":{"start":{"line":237,"column":4},"end":{"line":263,"column":5}},"50":{"start":{"line":238,"column":24},"end":{"line":238,"column":56}},"51":{"start":{"line":241,"column":6},"end":{"line":254,"column":7}},"52":{"start":{"line":246,"column":8},"end":{"line":253,"column":11}},"53":{"start":{"line":257,"column":27},"end":{"line":257,"column":54}},"54":{"start":{"line":258,"column":25},"end":{"line":258,"column":48}},"55":{"start":{"line":260,"column":6},"end":{"line":262,"column":7}},"56":{"start":{"line":261,"column":8},"end":{"line":261,"column":30}},"57":{"start":{"line":266,"column":21},"end":{"line":270,"column":null}},"58":{"start":{"line":274,"column":4},"end":{"line":286,"column":5}},"59":{"start":{"line":275,"column":6},"end":{"line":285,"column":7}},"60":{"start":{"line":276,"column":23},"end":{"line":276,"column":49}},"61":{"start":{"line":277,"column":8},"end":{"line":282,"column":9}},"62":{"start":{"line":278,"column":10},"end":{"line":281,"column":62}},"63":{"start":{"line":284,"column":8},"end":{"line":284,"column":58}},"64":{"start":{"line":289,"column":4},"end":{"line":566,"column":5}},"65":{"start":{"line":290,"column":6},"end":{"line":437,"column":7}},"66":{"start":{"line":292,"column":8},"end":{"line":348,"column":9}},"67":{"start":{"line":293,"column":24},"end":{"line":293,"column":42}},"68":{"start":{"line":294,"column":23},"end":{"line":294,"column":38}},"69":{"start":{"line":295,"column":21},"end":{"line":295,"column":34}},"70":{"start":{"line":298,"column":28},"end":{"line":298,"column":87}},"71":{"start":{"line":299,"column":10},"end":{"line":301,"column":11}},"72":{"start":{"line":300,"column":12},"end":{"line":300,"column":67}},"73":{"start":{"line":302,"column":10},"end":{"line":302,"column":55}},"74":{"start":{"line":305,"column":10},"end":{"line":305,"column":63}},"75":{"start":{"line":308,"column":10},"end":{"line":320,"column":13}},"76":{"start":{"line":309,"column":27},"end":{"line":309,"column":83}},"77":{"start":{"line":311,"column":12},"end":{"line":314,"column":15}},"78":{"start":{"line":312,"column":14},"end":{"line":312,"column":49}},"79":{"start":{"line":313,"column":14},"end":{"line":313,"column":28}},"80":{"start":{"line":316,"column":12},"end":{"line":319,"column":15}},"81":{"start":{"line":317,"column":14},"end":{"line":317,"column":54}},"82":{"start":{"line":318,"column":14},"end":{"line":318,"column":26}},"83":{"start":{"line":323,"column":10},"end":{"line":331,"column":13}},"84":{"start":{"line":333,"column":10},"end":{"line":333,"column":27}},"85":{"start":{"line":335,"column":10},"end":{"line":335,"column":60}},"86":{"start":{"line":338,"column":10},"end":{"line":345,"column":13}},"87":{"start":{"line":347,"column":10},"end":{"line":347,"column":26}},"88":{"start":{"line":351,"column":8},"end":{"line":436,"column":9}},"89":{"start":{"line":354,"column":33},"end":{"line":354,"column":55}},"90":{"start":{"line":357,"column":32},"end":{"line":357,"column":79}},"91":{"start":{"line":360,"column":27},"end":{"line":360,"column":48}},"92":{"start":{"line":361,"column":27},"end":{"line":361,"column":55}},"93":{"start":{"line":366,"column":10},"end":{"line":366,"column":86}},"94":{"start":{"line":370,"column":61},"end":{"line":370,"column":63}},"95":{"start":{"line":372,"column":10},"end":{"line":404,"column":11}},"96":{"start":{"line":375,"column":34},"end":{"line":375,"column":58}},"97":{"start":{"line":378,"column":33},"end":{"line":396,"column":14}},"98":{"start":{"line":379,"column":14},"end":{"line":395,"column":15}},"99":{"start":{"line":381,"column":16},"end":{"line":384,"column":19}},"100":{"start":{"line":382,"column":18},"end":{"line":383,"column":37}},"101":{"start":{"line":382,"column":27},"end":{"line":382,"column":39}},"102":{"start":{"line":383,"column":23},"end":{"line":383,"column":37}},"103":{"start":{"line":387,"column":16},"end":{"line":394,"column":17}},"104":{"start":{"line":389,"column":31},"end":{"line":389,"column":56}},"105":{"start":{"line":391,"column":18},"end":{"line":391,"column":32}},"106":{"start":{"line":393,"column":18},"end":{"line":393,"column":29}},"107":{"start":{"line":398,"column":12},"end":{"line":398,"column":50}},"108":{"start":{"line":399,"column":12},"end":{"line":399,"column":72}},"109":{"start":{"line":401,"column":12},"end":{"line":401,"column":69}},"110":{"start":{"line":403,"column":12},"end":{"line":403,"column":65}},"111":{"start":{"line":407,"column":26},"end":{"line":407,"column":52}},"112":{"start":{"line":408,"column":10},"end":{"line":408,"column":62}},"113":{"start":{"line":411,"column":10},"end":{"line":419,"column":13}},"114":{"start":{"line":421,"column":10},"end":{"line":421,"column":31}},"115":{"start":{"line":423,"column":10},"end":{"line":423,"column":71}},"116":{"start":{"line":426,"column":10},"end":{"line":433,"column":13}},"117":{"start":{"line":435,"column":10},"end":{"line":435,"column":26}},"118":{"start":{"line":438,"column":11},"end":{"line":566,"column":5}},"119":{"start":{"line":439,"column":6},"end":{"line":553,"column":7}},"120":{"start":{"line":441,"column":8},"end":{"line":486,"column":9}},"121":{"start":{"line":442,"column":29},"end":{"line":442,"column":51}},"122":{"start":{"line":443,"column":23},"end":{"line":443,"column":38}},"123":{"start":{"line":444,"column":21},"end":{"line":444,"column":34}},"124":{"start":{"line":447,"column":28},"end":{"line":447,"column":88}},"125":{"start":{"line":448,"column":10},"end":{"line":450,"column":11}},"126":{"start":{"line":449,"column":12},"end":{"line":449,"column":67}},"127":{"start":{"line":451,"column":10},"end":{"line":451,"column":55}},"128":{"start":{"line":454,"column":10},"end":{"line":454,"column":64}},"129":{"start":{"line":455,"column":10},"end":{"line":455,"column":57}},"130":{"start":{"line":458,"column":10},"end":{"line":466,"column":13}},"131":{"start":{"line":469,"column":10},"end":{"line":469,"column":34}},"132":{"start":{"line":471,"column":10},"end":{"line":471,"column":27}},"133":{"start":{"line":473,"column":10},"end":{"line":473,"column":61}},"134":{"start":{"line":476,"column":10},"end":{"line":483,"column":13}},"135":{"start":{"line":485,"column":10},"end":{"line":485,"column":26}},"136":{"start":{"line":489,"column":8},"end":{"line":552,"column":9}},"137":{"start":{"line":491,"column":24},"end":{"line":491,"column":55}},"138":{"start":{"line":491,"column":25},"end":{"line":491,"column":46}},"139":{"start":{"line":494,"column":32},"end":{"line":494,"column":79}},"140":{"start":{"line":497,"column":27},"end":{"line":497,"column":48}},"141":{"start":{"line":498,"column":27},"end":{"line":498,"column":55}},"142":{"start":{"line":501,"column":10},"end":{"line":501,"column":87}},"143":{"start":{"line":502,"column":22},"end":{"line":502,"column":33}},"144":{"start":{"line":503,"column":28},"end":{"line":503,"column":57}},"145":{"start":{"line":506,"column":61},"end":{"line":506,"column":63}},"146":{"start":{"line":507,"column":54},"end":{"line":507,"column":56}},"147":{"start":{"line":509,"column":10},"end":{"line":516,"column":13}},"148":{"start":{"line":510,"column":12},"end":{"line":515,"column":13}},"149":{"start":{"line":511,"column":30},"end":{"line":513,"column":16}},"150":{"start":{"line":512,"column":16},"end":{"line":512,"column":55}},"151":{"start":{"line":514,"column":14},"end":{"line":514,"column":47}},"152":{"start":{"line":519,"column":10},"end":{"line":519,"column":48}},"153":{"start":{"line":520,"column":10},"end":{"line":520,"column":45}},"154":{"start":{"line":523,"column":26},"end":{"line":523,"column":52}},"155":{"start":{"line":524,"column":10},"end":{"line":524,"column":62}},"156":{"start":{"line":527,"column":10},"end":{"line":535,"column":13}},"157":{"start":{"line":537,"column":10},"end":{"line":537,"column":31}},"158":{"start":{"line":539,"column":10},"end":{"line":539,"column":72}},"159":{"start":{"line":542,"column":10},"end":{"line":549,"column":13}},"160":{"start":{"line":551,"column":10},"end":{"line":551,"column":26}},"161":{"start":{"line":556,"column":6},"end":{"line":563,"column":9}},"162":{"start":{"line":565,"column":6},"end":{"line":565,"column":22}},"163":{"start":{"line":57,"column":0},"end":{"line":57,"column":13}}},"fnMap":{"0":{"name":"(anonymous_9)","decl":{"start":{"line":9,"column":0},"end":{"line":9,"column":12}},"loc":{"start":{"line":9,"column":23},"end":{"line":16,"column":1}}},"1":{"name":"getReleaseFilenameTemplate","decl":{"start":{"line":21,"column":9},"end":{"line":21,"column":35}},"loc":{"start":{"line":21,"column":53},"end":{"line":38,"column":1}}},"2":{"name":"formatReleaseFilename","decl":{"start":{"line":43,"column":9},"end":{"line":43,"column":30}},"loc":{"start":{"line":46,"column":25},"end":{"line":52,"column":1}}},"3":{"name":"(anonymous_12)","decl":{"start":{"line":61,"column":2},"end":{"line":61,"column":7}},"loc":{"start":{"line":61,"column":23},"end":{"line":67,"column":3}}},"4":{"name":"(anonymous_13)","decl":{"start":{"line":63,"column":26},"end":{"line":63,"column":27}},"loc":{"start":{"line":63,"column":74},"end":{"line":66,"column":5}}},"5":{"name":"(anonymous_14)","decl":{"start":{"line":76,"column":2},"end":{"line":76,"column":7}},"loc":{"start":{"line":79,"column":36},"end":{"line":99,"column":3}}},"6":{"name":"(anonymous_15)","decl":{"start":{"line":106,"column":2},"end":{"line":106,"column":7}},"loc":{"start":{"line":106,"column":38},"end":{"line":112,"column":3}}},"7":{"name":"(anonymous_16)","decl":{"start":{"line":108,"column":38},"end":{"line":108,"column":39}},"loc":{"start":{"line":108,"column":86},"end":{"line":111,"column":5}}},"8":{"name":"(anonymous_17)","decl":{"start":{"line":122,"column":2},"end":{"line":122,"column":7}},"loc":{"start":{"line":126,"column":36},"end":{"line":146,"column":3}}},"9":{"name":"(anonymous_18)","decl":{"start":{"line":153,"column":2},"end":{"line":153,"column":7}},"loc":{"start":{"line":153,"column":39},"end":{"line":156,"column":3}}},"10":{"name":"(anonymous_19)","decl":{"start":{"line":167,"column":2},"end":{"line":167,"column":7}},"loc":{"start":{"line":172,"column":36},"end":{"line":195,"column":3}}},"11":{"name":"(anonymous_20)","decl":{"start":{"line":202,"column":2},"end":{"line":202,"column":7}},"loc":{"start":{"line":202,"column":37},"end":{"line":208,"column":3}}},"12":{"name":"(anonymous_21)","decl":{"start":{"line":204,"column":33},"end":{"line":204,"column":34}},"loc":{"start":{"line":204,"column":81},"end":{"line":207,"column":5}}},"13":{"name":"(anonymous_22)","decl":{"start":{"line":224,"column":2},"end":{"line":224,"column":7}},"loc":{"start":{"line":234,"column":28},"end":{"line":567,"column":3}}},"14":{"name":"(anonymous_23)","decl":{"start":{"line":308,"column":28},"end":{"line":308,"column":29}},"loc":{"start":{"line":308,"column":48},"end":{"line":320,"column":11}}},"15":{"name":"(anonymous_24)","decl":{"start":{"line":311,"column":29},"end":{"line":311,"column":32}},"loc":{"start":{"line":311,"column":34},"end":{"line":314,"column":13}}},"16":{"name":"(anonymous_25)","decl":{"start":{"line":316,"column":31},"end":{"line":316,"column":32}},"loc":{"start":{"line":316,"column":46},"end":{"line":319,"column":13}}},"17":{"name":"(anonymous_26)","decl":{"start":{"line":354,"column":33},"end":{"line":354,"column":46}},"loc":{"start":{"line":354,"column":33},"end":{"line":354,"column":55}}},"18":{"name":"(anonymous_27)","decl":{"start":{"line":378,"column":63},"end":{"line":378,"column":64}},"loc":{"start":{"line":378,"column":83},"end":{"line":396,"column":13}}},"19":{"name":"(anonymous_28)","decl":{"start":{"line":381,"column":42},"end":{"line":381,"column":43}},"loc":{"start":{"line":381,"column":56},"end":{"line":384,"column":17}}},"20":{"name":"(anonymous_29)","decl":{"start":{"line":407,"column":26},"end":{"line":407,"column":39}},"loc":{"start":{"line":407,"column":26},"end":{"line":407,"column":52}}},"21":{"name":"(anonymous_30)","decl":{"start":{"line":491,"column":25},"end":{"line":491,"column":38}},"loc":{"start":{"line":491,"column":25},"end":{"line":491,"column":46}}},"22":{"name":"(anonymous_31)","decl":{"start":{"line":509,"column":28},"end":{"line":509,"column":29}},"loc":{"start":{"line":509,"column":55},"end":{"line":516,"column":11}}},"23":{"name":"(anonymous_32)","decl":{"start":{"line":511,"column":64},"end":{"line":511,"column":71}},"loc":{"start":{"line":511,"column":74},"end":{"line":513,"column":15}}},"24":{"name":"(anonymous_33)","decl":{"start":{"line":523,"column":26},"end":{"line":523,"column":39}},"loc":{"start":{"line":523,"column":26},"end":{"line":523,"column":52}}}},"branchMap":{"0":{"loc":{"start":{"line":9,"column":12},"end":{"line":9,"column":null}},"type":"binary-expr","locations":[{"start":{"line":9,"column":12},"end":{"line":9,"column":23}},{"start":{"line":9,"column":23},"end":{"line":9,"column":null}}]},"1":{"loc":{"start":{"line":22,"column":2},"end":{"line":37,"column":3}},"type":"switch","locations":[{"start":{"line":23,"column":4},"end":{"line":24,"column":69}},{"start":{"line":25,"column":4},"end":{"line":26,"column":72}},{"start":{"line":27,"column":4},"end":{"line":28,"column":73}},{"start":{"line":29,"column":4},"end":{"line":30,"column":74}},{"start":{"line":31,"column":4},"end":{"line":32,"column":78}},{"start":{"line":33,"column":4},"end":{"line":34,"column":79}},{"start":{"line":35,"column":4},"end":{"line":36,"column":55}}]},"2":{"loc":{"start":{"line":78,"column":4},"end":{"line":78,"column":27}},"type":"default-arg","locations":[{"start":{"line":78,"column":23},"end":{"line":78,"column":27}}]},"3":{"loc":{"start":{"line":79,"column":4},"end":{"line":79,"column":36}},"type":"default-arg","locations":[{"start":{"line":79,"column":31},"end":{"line":79,"column":36}}]},"4":{"loc":{"start":{"line":83,"column":4},"end":{"line":85,"column":5}},"type":"if","locations":[{"start":{"line":83,"column":4},"end":{"line":85,"column":5}}]},"5":{"loc":{"start":{"line":125,"column":4},"end":{"line":125,"column":27}},"type":"default-arg","locations":[{"start":{"line":125,"column":23},"end":{"line":125,"column":27}}]},"6":{"loc":{"start":{"line":126,"column":4},"end":{"line":126,"column":36}},"type":"default-arg","locations":[{"start":{"line":126,"column":31},"end":{"line":126,"column":36}}]},"7":{"loc":{"start":{"line":130,"column":4},"end":{"line":132,"column":5}},"type":"if","locations":[{"start":{"line":130,"column":4},"end":{"line":132,"column":5}}]},"8":{"loc":{"start":{"line":171,"column":4},"end":{"line":171,"column":27}},"type":"default-arg","locations":[{"start":{"line":171,"column":23},"end":{"line":171,"column":27}}]},"9":{"loc":{"start":{"line":172,"column":4},"end":{"line":172,"column":36}},"type":"default-arg","locations":[{"start":{"line":172,"column":31},"end":{"line":172,"column":36}}]},"10":{"loc":{"start":{"line":174,"column":17},"end":{"line":174,"column":58}},"type":"binary-expr","locations":[{"start":{"line":174,"column":17},"end":{"line":174,"column":43}},{"start":{"line":174,"column":47},"end":{"line":174,"column":58}}]},"11":{"loc":{"start":{"line":179,"column":4},"end":{"line":181,"column":5}},"type":"if","locations":[{"start":{"line":179,"column":4},"end":{"line":181,"column":5}}]},"12":{"loc":{"start":{"line":230,"column":4},"end":{"line":230,"column":27}},"type":"default-arg","locations":[{"start":{"line":230,"column":23},"end":{"line":230,"column":27}}]},"13":{"loc":{"start":{"line":231,"column":4},"end":{"line":231,"column":36}},"type":"default-arg","locations":[{"start":{"line":231,"column":31},"end":{"line":231,"column":36}}]},"14":{"loc":{"start":{"line":234,"column":4},"end":{"line":234,"column":28}},"type":"default-arg","locations":[{"start":{"line":234,"column":19},"end":{"line":234,"column":28}}]},"15":{"loc":{"start":{"line":237,"column":4},"end":{"line":263,"column":5}},"type":"if","locations":[{"start":{"line":237,"column":4},"end":{"line":263,"column":5}}]},"16":{"loc":{"start":{"line":241,"column":6},"end":{"line":254,"column":7}},"type":"if","locations":[{"start":{"line":241,"column":6},"end":{"line":254,"column":7}}]},"17":{"loc":{"start":{"line":242,"column":8},"end":{"line":244,"column":37}},"type":"binary-expr","locations":[{"start":{"line":242,"column":8},"end":{"line":242,"column":31}},{"start":{"line":243,"column":8},"end":{"line":243,"column":46}},{"start":{"line":244,"column":8},"end":{"line":244,"column":37}}]},"18":{"loc":{"start":{"line":260,"column":6},"end":{"line":262,"column":7}},"type":"if","locations":[{"start":{"line":260,"column":6},"end":{"line":262,"column":7}}]},"19":{"loc":{"start":{"line":260,"column":10},"end":{"line":260,"column":40}},"type":"binary-expr","locations":[{"start":{"line":260,"column":10},"end":{"line":260,"column":20}},{"start":{"line":260,"column":24},"end":{"line":260,"column":40}}]},"20":{"loc":{"start":{"line":274,"column":4},"end":{"line":286,"column":5}},"type":"if","locations":[{"start":{"line":274,"column":4},"end":{"line":286,"column":5}}]},"21":{"loc":{"start":{"line":277,"column":8},"end":{"line":282,"column":9}},"type":"if","locations":[{"start":{"line":277,"column":8},"end":{"line":282,"column":9}}]},"22":{"loc":{"start":{"line":289,"column":4},"end":{"line":566,"column":5}},"type":"if","locations":[{"start":{"line":289,"column":4},"end":{"line":566,"column":5}},{"start":{"line":438,"column":11},"end":{"line":566,"column":5}}]},"23":{"loc":{"start":{"line":289,"column":8},"end":{"line":289,"column":57}},"type":"binary-expr","locations":[{"start":{"line":289,"column":8},"end":{"line":289,"column":46}},{"start":{"line":289,"column":50},"end":{"line":289,"column":57}}]},"24":{"loc":{"start":{"line":290,"column":6},"end":{"line":437,"column":7}},"type":"if","locations":[{"start":{"line":290,"column":6},"end":{"line":437,"column":7}},{"start":{"line":349,"column":13},"end":{"line":437,"column":7}}]},"25":{"loc":{"start":{"line":299,"column":10},"end":{"line":301,"column":11}},"type":"if","locations":[{"start":{"line":299,"column":10},"end":{"line":301,"column":11}}]},"26":{"loc":{"start":{"line":382,"column":18},"end":{"line":383,"column":37}},"type":"if","locations":[{"start":{"line":382,"column":18},"end":{"line":383,"column":37}},{"start":{"line":383,"column":23},"end":{"line":383,"column":37}}]},"27":{"loc":{"start":{"line":438,"column":11},"end":{"line":566,"column":5}},"type":"if","locations":[{"start":{"line":438,"column":11},"end":{"line":566,"column":5}},{"start":{"line":554,"column":11},"end":{"line":566,"column":5}}]},"28":{"loc":{"start":{"line":438,"column":15},"end":{"line":438,"column":65}},"type":"binary-expr","locations":[{"start":{"line":438,"column":15},"end":{"line":438,"column":54}},{"start":{"line":438,"column":58},"end":{"line":438,"column":65}}]},"29":{"loc":{"start":{"line":439,"column":6},"end":{"line":553,"column":7}},"type":"if","locations":[{"start":{"line":439,"column":6},"end":{"line":553,"column":7}},{"start":{"line":487,"column":13},"end":{"line":553,"column":7}}]},"30":{"loc":{"start":{"line":448,"column":10},"end":{"line":450,"column":11}},"type":"if","locations":[{"start":{"line":448,"column":10},"end":{"line":450,"column":11}}]},"31":{"loc":{"start":{"line":510,"column":12},"end":{"line":515,"column":13}},"type":"if","locations":[{"start":{"line":510,"column":12},"end":{"line":515,"column":13}}]}},"s":{"0":1,"1":1,"2":1,"3":1,"4":1,"5":1,"6":1,"7":1,"8":1,"9":1,"10":1,"11":1,"12":1,"13":0,"14":0,"15":0,"16":0,"17":0,"18":0,"19":1,"20":1,"21":2,"22":2,"23":3,"24":3,"25":1,"26":1,"27":0,"28":1,"29":2,"30":2,"31":3,"32":3,"33":1,"34":1,"35":0,"36":1,"37":1,"38":1,"39":1,"40":1,"41":1,"42":1,"43":0,"44":1,"45":1,"46":1,"47":2,"48":2,"49":3,"50":0,"51":0,"52":0,"53":0,"54":0,"55":0,"56":0,"57":3,"58":3,"59":3,"60":3,"61":0,"62":0,"63":3,"64":3,"65":0,"66":0,"67":0,"68":0,"69":0,"70":0,"71":0,"72":0,"73":0,"74":0,"75":0,"76":0,"77":0,"78":0,"79":0,"80":0,"81":0,"82":0,"83":0,"84":0,"85":0,"86":0,"87":0,"88":0,"89":0,"90":0,"91":0,"92":0,"93":0,"94":0,"95":0,"96":0,"97":0,"98":0,"99":0,"100":0,"101":0,"102":0,"103":0,"104":0,"105":0,"106":0,"107":0,"108":0,"109":0,"110":0,"111":0,"112":0,"113":0,"114":0,"115":0,"116":0,"117":0,"118":3,"119":0,"120":0,"121":0,"122":0,"123":0,"124":0,"125":0,"126":0,"127":0,"128":0,"129":0,"130":0,"131":0,"132":0,"133":0,"134":0,"135":0,"136":0,"137":0,"138":0,"139":0,"140":0,"141":0,"142":0,"143":0,"144":0,"145":0,"146":0,"147":0,"148":0,"149":0,"150":0,"151":0,"152":0,"153":0,"154":0,"155":0,"156":0,"157":0,"158":0,"159":0,"160":0,"161":3,"162":3,"163":1},"f":{"0":1,"1":1,"2":1,"3":2,"4":3,"5":1,"6":2,"7":3,"8":1,"9":1,"10":1,"11":1,"12":2,"13":3,"14":0,"15":0,"16":0,"17":0,"18":0,"19":0,"20":0,"21":0,"22":0,"23":0,"24":0},"b":{"0":[1,1],"1":[1,0,0,0,0,0,0],"2":[1],"3":[1],"4":[0],"5":[1],"6":[1],"7":[0],"8":[1],"9":[1],"10":[1,1],"11":[0],"12":[0],"13":[0],"14":[0],"15":[0],"16":[0],"17":[0,0,0],"18":[0],"19":[0,0],"20":[3],"21":[0],"22":[0,3],"23":[3,1],"24":[0,0],"25":[0],"26":[0,0],"27":[0,3],"28":[3,0],"29":[0,0],"30":[0],"31":[0]}}
,"/Users/sero/Downloads/ecoinvent_interface-2.0.dev1/ecoinvent-interface-js/src/storage/cached-storage.ts": {"path":"/Users/sero/Downloads/ecoinvent_interface-2.0.dev1/ecoinvent-interface-js/src/storage/cached-storage.ts","statementMap":{"0":{"start":{"line":11,"column":2},"end":{"line":11,"column":81}},"1":{"start":{"line":18,"column":2},"end":{"line":23,"column":3}},"2":{"start":{"line":19,"column":4},"end":{"line":19,"column":39}},"3":{"start":{"line":21,"column":20},"end":{"line":21,"column":32}},"4":{"start":{"line":22,"column":4},"end":{"line":22,"column":63}},"5":{"start":{"line":39,"column":4},"end":{"line":39,"column":48}},"6":{"start":{"line":41,"column":4},"end":{"line":58,"column":5}},"7":{"start":{"line":43,"column":6},"end":{"line":45,"column":7}},"8":{"start":{"line":44,"column":8},"end":{"line":44,"column":52}},"9":{"start":{"line":48,"column":28},"end":{"line":48,"column":65}},"10":{"start":{"line":49,"column":6},"end":{"line":51,"column":7}},"11":{"start":{"line":50,"column":8},"end":{"line":50,"column":54}},"12":{"start":{"line":53,"column":6},"end":{"line":53,"column":74}},"13":{"start":{"line":56,"column":6},"end":{"line":56,"column":26}},"14":{"start":{"line":57,"column":6},"end":{"line":57,"column":28}},"15":{"start":{"line":65,"column":4},"end":{"line":74,"column":5}},"16":{"start":{"line":66,"column":6},"end":{"line":73,"column":7}},"17":{"start":{"line":67,"column":26},"end":{"line":67,"column":58}},"18":{"start":{"line":68,"column":8},"end":{"line":70,"column":9}},"19":{"start":{"line":69,"column":10},"end":{"line":69,"column":37}},"20":{"start":{"line":72,"column":8},"end":{"line":72,"column":72}},"21":{"start":{"line":81,"column":4},"end":{"line":90,"column":5}},"22":{"start":{"line":83,"column":6},"end":{"line":85,"column":9}},"23":{"start":{"line":84,"column":8},"end":{"line":84,"column":69}},"24":{"start":{"line":88,"column":28},"end":{"line":88,"column":65}},"25":{"start":{"line":89,"column":6},"end":{"line":89,"column":87}},"26":{"start":{"line":100,"column":4},"end":{"line":100,"column":32}},"27":{"start":{"line":101,"column":4},"end":{"line":101,"column":26}},"28":{"start":{"line":110,"column":4},"end":{"line":110,"column":31}},"29":{"start":{"line":119,"column":4},"end":{"line":119,"column":31}},"30":{"start":{"line":120,"column":4},"end":{"line":120,"column":26}},"31":{"start":{"line":127,"column":4},"end":{"line":152,"column":5}},"32":{"start":{"line":129,"column":6},"end":{"line":131,"column":9}},"33":{"start":{"line":130,"column":8},"end":{"line":130,"column":58}},"34":{"start":{"line":134,"column":6},"end":{"line":147,"column":9}},"35":{"start":{"line":135,"column":22},"end":{"line":135,"column":41}},"36":{"start":{"line":136,"column":8},"end":{"line":146,"column":9}},"37":{"start":{"line":137,"column":10},"end":{"line":143,"column":11}},"38":{"start":{"line":138,"column":12},"end":{"line":142,"column":13}},"39":{"start":{"line":139,"column":14},"end":{"line":139,"column":60}},"40":{"start":{"line":141,"column":14},"end":{"line":141,"column":40}},"41":{"start":{"line":145,"column":10},"end":{"line":145,"column":64}},"42":{"start":{"line":150,"column":6},"end":{"line":150,"column":26}},"43":{"start":{"line":151,"column":6},"end":{"line":151,"column":28}},"44":{"start":{"line":162,"column":4},"end":{"line":184,"column":5}},"45":{"start":{"line":163,"column":6},"end":{"line":163,"column":84}},"46":{"start":{"line":165,"column":21},"end":{"line":165,"column":38}},"47":{"start":{"line":166,"column":17},"end":{"line":166,"column":30}},"48":{"start":{"line":168,"column":6},"end":{"line":183,"column":9}},"49":{"start":{"line":169,"column":21},"end":{"line":169,"column":45}},"50":{"start":{"line":170,"column":23},"end":{"line":170,"column":82}},"51":{"start":{"line":172,"column":8},"end":{"line":174,"column":11}},"52":{"start":{"line":173,"column":10},"end":{"line":173,"column":29}},"53":{"start":{"line":176,"column":8},"end":{"line":178,"column":11}},"54":{"start":{"line":177,"column":10},"end":{"line":177,"column":38}},"55":{"start":{"line":180,"column":8},"end":{"line":182,"column":11}},"56":{"start":{"line":181,"column":10},"end":{"line":181,"column":24}}},"fnMap":{"0":{"name":"isBrowser","decl":{"start":{"line":10,"column":9},"end":{"line":10,"column":18}},"loc":{"start":{"line":10,"column":18},"end":{"line":12,"column":1}}},"1":{"name":"getDefaultCacheDir","decl":{"start":{"line":17,"column":9},"end":{"line":17,"column":27}},"loc":{"start":{"line":17,"column":27},"end":{"line":24,"column":1}}},"2":{"name":"(anonymous_2)","decl":{"start":{"line":38,"column":2},"end":{"line":38,"column":14}},"loc":{"start":{"line":38,"column":31},"end":{"line":59,"column":3}}},"3":{"name":"(anonymous_3)","decl":{"start":{"line":64,"column":10},"end":{"line":64,"column":15}},"loc":{"start":{"line":64,"column":30},"end":{"line":75,"column":3}}},"4":{"name":"(anonymous_4)","decl":{"start":{"line":80,"column":10},"end":{"line":80,"column":24}},"loc":{"start":{"line":80,"column":24},"end":{"line":91,"column":3}}},"5":{"name":"(anonymous_5)","decl":{"start":{"line":83,"column":55},"end":{"line":83,"column":60}},"loc":{"start":{"line":83,"column":63},"end":{"line":85,"column":7}}},"6":{"name":"(anonymous_6)","decl":{"start":{"line":99,"column":2},"end":{"line":99,"column":10}},"loc":{"start":{"line":99,"column":41},"end":{"line":102,"column":3}}},"7":{"name":"(anonymous_7)","decl":{"start":{"line":109,"column":2},"end":{"line":109,"column":10}},"loc":{"start":{"line":109,"column":22},"end":{"line":111,"column":3}}},"8":{"name":"(anonymous_8)","decl":{"start":{"line":118,"column":2},"end":{"line":118,"column":13}},"loc":{"start":{"line":118,"column":25},"end":{"line":121,"column":3}}},"9":{"name":"(anonymous_9)","decl":{"start":{"line":126,"column":2},"end":{"line":126,"column":7}},"loc":{"start":{"line":126,"column":7},"end":{"line":153,"column":3}}},"10":{"name":"(anonymous_10)","decl":{"start":{"line":129,"column":20},"end":{"line":129,"column":25}},"loc":{"start":{"line":129,"column":28},"end":{"line":131,"column":7}}},"11":{"name":"(anonymous_11)","decl":{"start":{"line":134,"column":42},"end":{"line":134,"column":45}},"loc":{"start":{"line":134,"column":48},"end":{"line":147,"column":7}}},"12":{"name":"(anonymous_12)","decl":{"start":{"line":161,"column":2},"end":{"line":161,"column":8}},"loc":{"start":{"line":161,"column":62},"end":{"line":185,"column":3}}},"13":{"name":"(anonymous_13)","decl":{"start":{"line":168,"column":25},"end":{"line":168,"column":26}},"loc":{"start":{"line":168,"column":45},"end":{"line":183,"column":7}}},"14":{"name":"(anonymous_14)","decl":{"start":{"line":172,"column":26},"end":{"line":172,"column":27}},"loc":{"start":{"line":172,"column":44},"end":{"line":174,"column":9}}},"15":{"name":"(anonymous_15)","decl":{"start":{"line":176,"column":25},"end":{"line":176,"column":28}},"loc":{"start":{"line":176,"column":30},"end":{"line":178,"column":9}}},"16":{"name":"(anonymous_16)","decl":{"start":{"line":180,"column":27},"end":{"line":180,"column":28}},"loc":{"start":{"line":180,"column":44},"end":{"line":182,"column":9}}}},"branchMap":{"0":{"loc":{"start":{"line":11,"column":9},"end":{"line":11,"column":80}},"type":"binary-expr","locations":[{"start":{"line":11,"column":9},"end":{"line":11,"column":38}},{"start":{"line":11,"column":42},"end":{"line":11,"column":80}}]},"1":{"loc":{"start":{"line":18,"column":2},"end":{"line":23,"column":3}},"type":"if","locations":[{"start":{"line":18,"column":2},"end":{"line":23,"column":3}},{"start":{"line":20,"column":9},"end":{"line":23,"column":3}}]},"2":{"loc":{"start":{"line":39,"column":15},"end":{"line":39,"column":47}},"type":"binary-expr","locations":[{"start":{"line":39,"column":15},"end":{"line":39,"column":23}},{"start":{"line":39,"column":27},"end":{"line":39,"column":47}}]},"3":{"loc":{"start":{"line":41,"column":4},"end":{"line":58,"column":5}},"type":"if","locations":[{"start":{"line":41,"column":4},"end":{"line":58,"column":5}},{"start":{"line":54,"column":11},"end":{"line":58,"column":5}}]},"4":{"loc":{"start":{"line":43,"column":6},"end":{"line":45,"column":7}},"type":"if","locations":[{"start":{"line":43,"column":6},"end":{"line":45,"column":7}}]},"5":{"loc":{"start":{"line":49,"column":6},"end":{"line":51,"column":7}},"type":"if","locations":[{"start":{"line":49,"column":6},"end":{"line":51,"column":7}}]},"6":{"loc":{"start":{"line":65,"column":4},"end":{"line":74,"column":5}},"type":"if","locations":[{"start":{"line":65,"column":4},"end":{"line":74,"column":5}}]},"7":{"loc":{"start":{"line":68,"column":8},"end":{"line":70,"column":9}},"type":"if","locations":[{"start":{"line":68,"column":8},"end":{"line":70,"column":9}}]},"8":{"loc":{"start":{"line":81,"column":4},"end":{"line":90,"column":5}},"type":"if","locations":[{"start":{"line":81,"column":4},"end":{"line":90,"column":5}},{"start":{"line":86,"column":11},"end":{"line":90,"column":5}}]},"9":{"loc":{"start":{"line":127,"column":4},"end":{"line":152,"column":5}},"type":"if","locations":[{"start":{"line":127,"column":4},"end":{"line":152,"column":5}},{"start":{"line":132,"column":11},"end":{"line":152,"column":5}}]},"10":{"loc":{"start":{"line":137,"column":10},"end":{"line":143,"column":11}},"type":"if","locations":[{"start":{"line":137,"column":10},"end":{"line":143,"column":11}}]},"11":{"loc":{"start":{"line":138,"column":12},"end":{"line":142,"column":13}},"type":"if","locations":[{"start":{"line":138,"column":12},"end":{"line":142,"column":13}},{"start":{"line":140,"column":19},"end":{"line":142,"column":13}}]},"12":{"loc":{"start":{"line":161,"column":37},"end":{"line":161,"column":62}},"type":"default-arg","locations":[{"start":{"line":161,"column":57},"end":{"line":161,"column":62}}]},"13":{"loc":{"start":{"line":162,"column":4},"end":{"line":184,"column":5}},"type":"if","locations":[{"start":{"line":162,"column":4},"end":{"line":184,"column":5}},{"start":{"line":164,"column":11},"end":{"line":184,"column":5}}]}},"s":{"0":0,"1":0,"2":0,"3":0,"4":0,"5":0,"6":0,"7":0,"8":0,"9":0,"10":0,"11":0,"12":0,"13":0,"14":0,"15":0,"16":0,"17":0,"18":0,"19":0,"20":0,"21":0,"22":0,"23":0,"24":0,"25":0,"26":0,"27":0,"28":0,"29":0,"30":0,"31":0,"32":0,"33":0,"34":0,"35":0,"36":0,"37":0,"38":0,"39":0,"40":0,"41":0,"42":0,"43":0,"44":0,"45":0,"46":0,"47":0,"48":0,"49":0,"50":0,"51":0,"52":0,"53":0,"54":0,"55":0,"56":0},"f":{"0":0,"1":0,"2":0,"3":0,"4":0,"5":0,"6":0,"7":0,"8":0,"9":0,"10":0,"11":0,"12":0,"13":0,"14":0,"15":0,"16":0},"b":{"0":[0,0],"1":[0,0],"2":[0,0],"3":[0,0],"4":[0],"5":[0],"6":[0],"7":[0],"8":[0,0],"9":[0,0],"10":[0],"11":[0,0],"12":[0],"13":[0,0]}}
,"/Users/sero/Downloads/ecoinvent_interface-2.0.dev1/ecoinvent-interface-js/src/storage/settings-storage.ts": {"path":"/Users/sero/Downloads/ecoinvent_interface-2.0.dev1/ecoinvent-interface-js/src/storage/settings-storage.ts","statementMap":{"0":{"start":{"line":45,"column":0},"end":{"line":45,"column":16}},"1":{"start":{"line":63,"column":0},"end":{"line":63,"column":16}},"2":{"start":{"line":2,"column":0},"end":{"line":2,"column":25}},"3":{"start":{"line":3,"column":0},"end":{"line":3,"column":29}},"4":{"start":{"line":4,"column":0},"end":{"line":4,"column":25}},"5":{"start":{"line":7,"column":23},"end":{"line":7,"column":45}},"6":{"start":{"line":13,"column":2},"end":{"line":13,"column":81}},"7":{"start":{"line":20,"column":2},"end":{"line":22,"column":3}},"8":{"start":{"line":21,"column":4},"end":{"line":21,"column":81}},"9":{"start":{"line":24,"column":18},"end":{"line":24,"column":30}},"10":{"start":{"line":25,"column":17},"end":{"line":25,"column":59}},"11":{"start":{"line":26,"column":21},"end":{"line":26,"column":49}},"12":{"start":{"line":29,"column":2},"end":{"line":31,"column":3}},"13":{"start":{"line":30,"column":4},"end":{"line":30,"column":46}},"14":{"start":{"line":32,"column":2},"end":{"line":34,"column":3}},"15":{"start":{"line":33,"column":4},"end":{"line":33,"column":50}},"16":{"start":{"line":36,"column":2},"end":{"line":36,"column":20}},"17":{"start":{"line":46,"column":2},"end":{"line":54,"column":3}},"18":{"start":{"line":48,"column":4},"end":{"line":48,"column":59}},"19":{"start":{"line":51,"column":23},"end":{"line":51,"column":38}},"20":{"start":{"line":52,"column":21},"end":{"line":52,"column":55}},"21":{"start":{"line":53,"column":4},"end":{"line":53,"column":46}},"22":{"start":{"line":64,"column":2},"end":{"line":79,"column":3}},"23":{"start":{"line":66,"column":4},"end":{"line":66,"column":72}},"24":{"start":{"line":69,"column":4},"end":{"line":77,"column":5}},"25":{"start":{"line":70,"column":25},"end":{"line":70,"column":40}},"26":{"start":{"line":71,"column":23},"end":{"line":71,"column":57}},"27":{"start":{"line":72,"column":6},"end":{"line":74,"column":7}},"28":{"start":{"line":73,"column":8},"end":{"line":73,"column":49}},"29":{"start":{"line":76,"column":6},"end":{"line":76,"column":60}},"30":{"start":{"line":78,"column":4},"end":{"line":78,"column":21}}},"fnMap":{"0":{"name":"isBrowser","decl":{"start":{"line":12,"column":9},"end":{"line":12,"column":18}},"loc":{"start":{"line":12,"column":18},"end":{"line":14,"column":1}}},"1":{"name":"getSecretsDir","decl":{"start":{"line":19,"column":9},"end":{"line":19,"column":22}},"loc":{"start":{"line":19,"column":22},"end":{"line":37,"column":1}}},"2":{"name":"storeSettingPermanently","decl":{"start":{"line":45,"column":16},"end":{"line":45,"column":39}},"loc":{"start":{"line":45,"column":66},"end":{"line":55,"column":1}}},"3":{"name":"getStoredSetting","decl":{"start":{"line":63,"column":16},"end":{"line":63,"column":32}},"loc":{"start":{"line":63,"column":44},"end":{"line":80,"column":1}}}},"branchMap":{"0":{"loc":{"start":{"line":13,"column":9},"end":{"line":13,"column":80}},"type":"binary-expr","locations":[{"start":{"line":13,"column":9},"end":{"line":13,"column":38}},{"start":{"line":13,"column":42},"end":{"line":13,"column":80}}]},"1":{"loc":{"start":{"line":20,"column":2},"end":{"line":22,"column":3}},"type":"if","locations":[{"start":{"line":20,"column":2},"end":{"line":22,"column":3}}]},"2":{"loc":{"start":{"line":29,"column":2},"end":{"line":31,"column":3}},"type":"if","locations":[{"start":{"line":29,"column":2},"end":{"line":31,"column":3}}]},"3":{"loc":{"start":{"line":32,"column":2},"end":{"line":34,"column":3}},"type":"if","locations":[{"start":{"line":32,"column":2},"end":{"line":34,"column":3}}]},"4":{"loc":{"start":{"line":46,"column":2},"end":{"line":54,"column":3}},"type":"if","locations":[{"start":{"line":46,"column":2},"end":{"line":54,"column":3}},{"start":{"line":49,"column":9},"end":{"line":54,"column":3}}]},"5":{"loc":{"start":{"line":64,"column":2},"end":{"line":79,"column":3}},"type":"if","locations":[{"start":{"line":64,"column":2},"end":{"line":79,"column":3}},{"start":{"line":67,"column":9},"end":{"line":79,"column":3}}]},"6":{"loc":{"start":{"line":66,"column":11},"end":{"line":66,"column":71}},"type":"binary-expr","locations":[{"start":{"line":66,"column":11},"end":{"line":66,"column":58}},{"start":{"line":66,"column":62},"end":{"line":66,"column":71}}]},"7":{"loc":{"start":{"line":72,"column":6},"end":{"line":74,"column":7}},"type":"if","locations":[{"start":{"line":72,"column":6},"end":{"line":74,"column":7}}]}},"s":{"0":2,"1":2,"2":2,"3":2,"4":2,"5":2,"6":36,"7":18,"8":0,"9":18,"10":18,"11":18,"12":18,"13":0,"14":18,"15":0,"16":18,"17":0,"18":0,"19":0,"20":0,"21":0,"22":18,"23":0,"24":18,"25":18,"26":18,"27":18,"28":0,"29":0,"30":18},"f":{"0":36,"1":18,"2":0,"3":18},"b":{"0":[36,0],"1":[0],"2":[0],"3":[0],"4":[0,0],"5":[0,18],"6":[0,0],"7":[0]}}
,"/Users/sero/Downloads/ecoinvent_interface-2.0.dev1/ecoinvent-interface-js/src/types/index.ts": {"path":"/Users/sero/Downloads/ecoinvent_interface-2.0.dev1/ecoinvent-interface-js/src/types/index.ts","statementMap":{"0":{"start":{"line":11,"column":13},"end":{"line":16,"column":2}},"1":{"start":{"line":18,"column":13},"end":{"line":22,"column":35}},"2":{"start":{"line":20,"column":4},"end":{"line":20,"column":21}},"3":{"start":{"line":21,"column":4},"end":{"line":21,"column":15}},"4":{"start":{"line":25,"column":13},"end":{"line":28,"column":2}}},"fnMap":{"0":{"name":"(anonymous_0)","decl":{"start":{"line":19,"column":39},"end":{"line":19,"column":40}},"loc":{"start":{"line":19,"column":61},"end":{"line":22,"column":3}}}},"branchMap":{},"s":{"0":2,"1":2,"2":8,"3":8,"4":2},"f":{"0":8},"b":{}}
}
