TN:
SF:src/index.ts
FNF:0
FNH:0
DA:20,0
LF:1
LH:0
BRF:0
BRH:0
end_of_record
TN:
SF:src/core/interface-base.ts
FN:12,loggedIn
FN:13,(anonymous_13)
FN:16,(anonymous_14)
FN:32,freshLogin
FN:33,(anonymous_16)
FN:36,(anonymous_17)
FN:58,formatDict
FN:92,(anonymous_19)
FN:125,(anonymous_20)
FN:145,(anonymous_21)
FN:165,(anonymous_22)
FN:193,(anonymous_23)
FN:216,(anonymous_24)
FN:244,(anonymous_25)
FN:280,(anonymous_26)
FN:343,(anonymous_27)
FN:345,(anonymous_28)
FN:354,(anonymous_29)
FN:356,(anonymous_30)
FN:359,(anonymous_31)
FN:360,(anonymous_32)
FN:372,(anonymous_33)
FN:377,(anonymous_34)
FNF:23
FNH:18
FNDA:2,loggedIn
FNDA:2,(anonymous_13)
FNDA:1,(anonymous_14)
FNDA:8,freshLogin
FNDA:8,(anonymous_16)
FNDA:12,(anonymous_17)
FNDA:8,formatDict
FNDA:18,(anonymous_19)
FNDA:17,(anonymous_20)
FNDA:1,(anonymous_21)
FNDA:18,(anonymous_22)
FNDA:3,(anonymous_23)
FNDA:4,(anonymous_24)
FNDA:3,(anonymous_25)
FNDA:0,(anonymous_26)
FNDA:1,(anonymous_27)
FNDA:3,(anonymous_28)
FNDA:0,(anonymous_29)
FNDA:0,(anonymous_30)
FNDA:0,(anonymous_31)
FNDA:0,(anonymous_32)
FNDA:2,(anonymous_33)
FNDA:3,(anonymous_34)
DA:1,2
DA:3,2
DA:4,2
DA:7,2
DA:13,2
DA:14,2
DA:16,2
DA:18,1
DA:19,1
DA:20,0
DA:22,1
DA:25,2
DA:33,8
DA:34,8
DA:36,8
DA:38,12
DA:39,12
DA:40,0
DA:43,12
DA:44,12
DA:45,0
DA:48,12
DA:51,8
DA:58,2
DA:59,8
DA:65,8
DA:66,1
DA:69,8
DA:75,2
DA:97,18
DA:98,0
DA:100,18
DA:102,18
DA:103,0
DA:105,18
DA:107,18
DA:108,18
DA:109,18
DA:111,18
DA:126,17
DA:133,17
DA:135,16
DA:145,2
DA:146,1
DA:152,1
DA:154,1
DA:166,18
DA:167,18
DA:173,18
DA:174,18
DA:179,17
DA:180,17
DA:181,17
DA:182,17
DA:184,1
DA:185,1
DA:193,2
DA:194,3
DA:195,3
DA:202,3
DA:204,3
DA:209,3
DA:216,2
DA:217,4
DA:218,4
DA:225,4
DA:227,4
DA:232,4
DA:244,2
DA:250,3
DA:251,3
DA:258,3
DA:263,3
DA:265,3
DA:267,3
DA:290,0
DA:292,0
DA:293,0
DA:294,0
DA:295,0
DA:297,0
DA:306,0
DA:307,0
DA:310,0
DA:312,0
DA:314,0
DA:320,0
DA:322,0
DA:323,0
DA:324,0
DA:325,0
DA:327,0
DA:330,0
DA:336,0
DA:344,1
DA:345,3
DA:355,0
DA:356,0
DA:358,0
DA:359,0
DA:360,0
DA:363,0
DA:372,2
DA:373,2
DA:376,2
DA:377,3
DA:379,2
DA:380,1
DA:383,1
DA:386,0
DA:387,0
DA:390,0
LF:112
LH:79
BRDA:19,0,0,0
BRDA:39,1,0,0
BRDA:44,2,0,0
BRDA:44,3,0,12
BRDA:44,3,1,12
BRDA:65,4,0,1
BRDA:97,5,0,0
BRDA:102,6,0,0
BRDA:107,7,0,18
BRDA:107,7,1,18
BRDA:108,8,0,18
BRDA:108,8,1,18
BRDA:285,9,0,0
BRDA:286,10,0,0
BRDA:290,11,0,0
BRDA:290,11,1,0
BRDA:306,12,0,0
BRDA:310,13,0,0
BRDA:310,13,1,0
BRDA:320,14,0,0
BRDA:354,15,0,0
BRDA:358,16,0,0
BRDA:360,17,0,0
BRDA:360,17,1,0
BRDA:376,18,0,2
BRDA:376,18,1,0
BRDA:379,19,0,1
BRDA:386,20,0,0
BRF:28
BRH:9
end_of_record
TN:
SF:src/core/settings.ts
FN:23,(anonymous_0)
FN:63,permanentSetting
FNF:2
FNH:1
FNDA:23,(anonymous_0)
FNDA:0,permanentSetting
DA:2,3
DA:13,3
DA:27,23
DA:28,23
DA:29,23
DA:32,23
DA:33,23
DA:34,2
DA:36,23
DA:37,2
DA:39,23
DA:40,2
DA:45,23
DA:46,1
DA:48,23
DA:49,1
DA:51,23
DA:52,19
DA:63,3
DA:64,0
DA:65,0
DA:68,0
LF:22
LH:19
BRDA:32,0,0,23
BRDA:32,1,0,23
BRDA:32,1,1,23
BRDA:33,2,0,2
BRDA:33,3,0,23
BRDA:33,3,1,3
BRDA:36,4,0,2
BRDA:36,5,0,23
BRDA:36,5,1,3
BRDA:39,6,0,2
BRDA:39,7,0,23
BRDA:39,7,1,21
BRDA:45,8,0,1
BRDA:48,9,0,1
BRDA:51,10,0,19
BRDA:64,11,0,0
BRF:16
BRH:15
end_of_record
TN:
SF:src/process/process.ts
FN:11,(anonymous_2)
FN:22,getProcessFileTypeDisplayName
FN:42,selectedProcess
FN:43,(anonymous_5)
FN:46,(anonymous_6)
FN:64,splitUrl
FN:68,(anonymous_8)
FN:89,(anonymous_9)
FN:111,(anonymous_10)
FN:124,(anonymous_11)
FN:150,(anonymous_12)
FN:157,(anonymous_13)
FN:168,(anonymous_14)
FN:172,(anonymous_15)
FNF:14
FNH:0
FNDA:0,(anonymous_2)
FNDA:0,getProcessFileTypeDisplayName
FNDA:0,selectedProcess
FNDA:0,(anonymous_5)
FNDA:0,(anonymous_6)
FNDA:0,splitUrl
FNDA:0,(anonymous_8)
FNDA:0,(anonymous_9)
FNDA:0,(anonymous_10)
FNDA:0,(anonymous_11)
FNDA:0,(anonymous_12)
FNDA:0,(anonymous_13)
FNDA:0,(anonymous_14)
FNDA:0,(anonymous_15)
DA:6,0
DA:11,0
DA:12,0
DA:13,0
DA:14,0
DA:15,0
DA:16,0
DA:23,0
DA:25,0
DA:27,0
DA:29,0
DA:31,0
DA:33,0
DA:35,0
DA:43,0
DA:44,0
DA:46,0
DA:48,0
DA:49,0
DA:50,0
DA:52,0
DA:55,0
DA:65,0
DA:66,0
DA:68,0
DA:69,0
DA:72,0
DA:90,0
DA:91,0
DA:92,0
DA:94,0
DA:96,0
DA:97,0
DA:99,0
DA:100,0
DA:103,0
DA:112,0
DA:113,0
DA:115,0
DA:124,0
DA:125,0
DA:132,0
DA:142,0
DA:144,0
DA:151,0
DA:158,0
DA:168,0
DA:169,0
DA:171,0
DA:172,0
DA:173,0
DA:174,0
DA:175,0
DA:178,0
DA:179,0
DA:180,0
DA:183,0
DA:185,0
DA:192,0
DA:193,0
DA:196,0
DA:197,0
DA:198,0
DA:200,0
DA:201,0
DA:207,0
DA:208,0
DA:209,0
DA:212,0
DA:220,0
LF:70
LH:0
BRDA:11,0,0,0
BRDA:11,0,1,0
BRDA:23,1,0,0
BRDA:23,1,1,0
BRDA:23,1,2,0
BRDA:23,1,3,0
BRDA:23,1,4,0
BRDA:23,1,5,0
BRDA:49,2,0,0
BRDA:91,3,0,0
BRDA:96,4,0,0
BRDA:96,4,1,0
BRDA:99,5,0,0
BRDA:111,6,0,0
BRDA:112,7,0,0
BRDA:178,8,0,0
BRDA:192,9,0,0
BRDA:197,10,0,0
BRDA:197,10,1,0
BRDA:200,11,0,0
BRF:20
BRH:0
end_of_record
TN:
SF:src/release/release.ts
FN:9,(anonymous_9)
FN:21,getReleaseFilenameTemplate
FN:43,formatReleaseFilename
FN:61,(anonymous_12)
FN:63,(anonymous_13)
FN:76,(anonymous_14)
FN:106,(anonymous_15)
FN:108,(anonymous_16)
FN:122,(anonymous_17)
FN:153,(anonymous_18)
FN:167,(anonymous_19)
FN:202,(anonymous_20)
FN:204,(anonymous_21)
FN:224,(anonymous_22)
FN:308,(anonymous_23)
FN:311,(anonymous_24)
FN:316,(anonymous_25)
FN:354,(anonymous_26)
FN:378,(anonymous_27)
FN:381,(anonymous_28)
FN:407,(anonymous_29)
FN:491,(anonymous_30)
FN:509,(anonymous_31)
FN:511,(anonymous_32)
FN:523,(anonymous_33)
FNF:25
FNH:14
FNDA:1,(anonymous_9)
FNDA:1,getReleaseFilenameTemplate
FNDA:1,formatReleaseFilename
FNDA:2,(anonymous_12)
FNDA:3,(anonymous_13)
FNDA:1,(anonymous_14)
FNDA:2,(anonymous_15)
FNDA:3,(anonymous_16)
FNDA:1,(anonymous_17)
FNDA:1,(anonymous_18)
FNDA:1,(anonymous_19)
FNDA:1,(anonymous_20)
FNDA:2,(anonymous_21)
FNDA:3,(anonymous_22)
FNDA:0,(anonymous_23)
FNDA:0,(anonymous_24)
FNDA:0,(anonymous_25)
FNDA:0,(anonymous_26)
FNDA:0,(anonymous_27)
FNDA:0,(anonymous_28)
FNDA:0,(anonymous_29)
FNDA:0,(anonymous_30)
FNDA:0,(anonymous_31)
FNDA:0,(anonymous_32)
FNDA:0,(anonymous_33)
DA:1,1
DA:2,1
DA:3,1
DA:4,1
DA:9,1
DA:10,1
DA:11,1
DA:12,1
DA:13,1
DA:14,1
DA:15,1
DA:22,1
DA:24,1
DA:26,0
DA:28,0
DA:30,0
DA:32,0
DA:34,0
DA:36,0
DA:48,1
DA:49,1
DA:57,1
DA:62,2
DA:63,2
DA:64,3
DA:65,3
DA:81,1
DA:83,1
DA:84,0
DA:87,1
DA:107,2
DA:108,2
DA:109,3
DA:110,3
DA:128,1
DA:130,1
DA:131,0
DA:134,1
DA:154,1
DA:155,1
DA:174,1
DA:175,1
DA:177,1
DA:179,1
DA:180,0
DA:183,1
DA:203,1
DA:204,1
DA:205,2
DA:206,2
DA:237,3
DA:238,0
DA:241,0
DA:246,0
DA:257,0
DA:258,0
DA:260,0
DA:261,0
DA:266,3
DA:274,3
DA:275,3
DA:276,3
DA:277,0
DA:278,0
DA:284,3
DA:289,3
DA:290,0
DA:292,0
DA:293,0
DA:294,0
DA:295,0
DA:298,0
DA:299,0
DA:300,0
DA:302,0
DA:305,0
DA:308,0
DA:309,0
DA:311,0
DA:312,0
DA:313,0
DA:316,0
DA:317,0
DA:318,0
DA:323,0
DA:333,0
DA:335,0
DA:338,0
DA:347,0
DA:351,0
DA:354,0
DA:357,0
DA:360,0
DA:361,0
DA:366,0
DA:370,0
DA:372,0
DA:375,0
DA:378,0
DA:379,0
DA:381,0
DA:382,0
DA:383,0
DA:387,0
DA:389,0
DA:391,0
DA:393,0
DA:398,0
DA:399,0
DA:401,0
DA:403,0
DA:407,0
DA:408,0
DA:411,0
DA:421,0
DA:423,0
DA:426,0
DA:435,0
DA:438,3
DA:439,0
DA:441,0
DA:442,0
DA:443,0
DA:444,0
DA:447,0
DA:448,0
DA:449,0
DA:451,0
DA:454,0
DA:455,0
DA:458,0
DA:469,0
DA:471,0
DA:473,0
DA:476,0
DA:485,0
DA:489,0
DA:491,0
DA:494,0
DA:497,0
DA:498,0
DA:501,0
DA:502,0
DA:503,0
DA:506,0
DA:507,0
DA:509,0
DA:510,0
DA:511,0
DA:512,0
DA:514,0
DA:519,0
DA:520,0
DA:523,0
DA:524,0
DA:527,0
DA:537,0
DA:539,0
DA:542,0
DA:551,0
DA:556,3
DA:565,3
LF:162
LH:51
BRDA:9,0,0,1
BRDA:9,0,1,1
BRDA:22,1,0,1
BRDA:22,1,1,0
BRDA:22,1,2,0
BRDA:22,1,3,0
BRDA:22,1,4,0
BRDA:22,1,5,0
BRDA:22,1,6,0
BRDA:78,2,0,1
BRDA:79,3,0,1
BRDA:83,4,0,0
BRDA:125,5,0,1
BRDA:126,6,0,1
BRDA:130,7,0,0
BRDA:171,8,0,1
BRDA:172,9,0,1
BRDA:174,10,0,1
BRDA:174,10,1,1
BRDA:179,11,0,0
BRDA:230,12,0,0
BRDA:231,13,0,0
BRDA:234,14,0,0
BRDA:237,15,0,0
BRDA:241,16,0,0
BRDA:242,17,0,0
BRDA:242,17,1,0
BRDA:242,17,2,0
BRDA:260,18,0,0
BRDA:260,19,0,0
BRDA:260,19,1,0
BRDA:274,20,0,3
BRDA:277,21,0,0
BRDA:289,22,0,0
BRDA:289,22,1,3
BRDA:289,23,0,3
BRDA:289,23,1,1
BRDA:290,24,0,0
BRDA:290,24,1,0
BRDA:299,25,0,0
BRDA:382,26,0,0
BRDA:382,26,1,0
BRDA:438,27,0,0
BRDA:438,27,1,3
BRDA:438,28,0,3
BRDA:438,28,1,0
BRDA:439,29,0,0
BRDA:439,29,1,0
BRDA:448,30,0,0
BRDA:510,31,0,0
BRF:50
BRH:17
end_of_record
TN:
SF:src/storage/cached-storage.ts
FN:10,isBrowser
FN:17,getDefaultCacheDir
FN:38,(anonymous_2)
FN:64,(anonymous_3)
FN:80,(anonymous_4)
FN:83,(anonymous_5)
FN:99,(anonymous_6)
FN:109,(anonymous_7)
FN:118,(anonymous_8)
FN:126,(anonymous_9)
FN:129,(anonymous_10)
FN:134,(anonymous_11)
FN:161,(anonymous_12)
FN:168,(anonymous_13)
FN:172,(anonymous_14)
FN:176,(anonymous_15)
FN:180,(anonymous_16)
FNF:17
FNH:0
FNDA:0,isBrowser
FNDA:0,getDefaultCacheDir
FNDA:0,(anonymous_2)
FNDA:0,(anonymous_3)
FNDA:0,(anonymous_4)
FNDA:0,(anonymous_5)
FNDA:0,(anonymous_6)
FNDA:0,(anonymous_7)
FNDA:0,(anonymous_8)
FNDA:0,(anonymous_9)
FNDA:0,(anonymous_10)
FNDA:0,(anonymous_11)
FNDA:0,(anonymous_12)
FNDA:0,(anonymous_13)
FNDA:0,(anonymous_14)
FNDA:0,(anonymous_15)
FNDA:0,(anonymous_16)
DA:11,0
DA:18,0
DA:19,0
DA:21,0
DA:22,0
DA:39,0
DA:41,0
DA:43,0
DA:44,0
DA:48,0
DA:49,0
DA:50,0
DA:53,0
DA:56,0
DA:57,0
DA:65,0
DA:66,0
DA:67,0
DA:68,0
DA:69,0
DA:72,0
DA:81,0
DA:83,0
DA:84,0
DA:88,0
DA:89,0
DA:100,0
DA:101,0
DA:110,0
DA:119,0
DA:120,0
DA:127,0
DA:129,0
DA:130,0
DA:134,0
DA:135,0
DA:136,0
DA:137,0
DA:138,0
DA:139,0
DA:141,0
DA:145,0
DA:150,0
DA:151,0
DA:162,0
DA:163,0
DA:165,0
DA:166,0
DA:168,0
DA:169,0
DA:170,0
DA:172,0
DA:173,0
DA:176,0
DA:177,0
DA:180,0
DA:181,0
LF:57
LH:0
BRDA:11,0,0,0
BRDA:11,0,1,0
BRDA:18,1,0,0
BRDA:18,1,1,0
BRDA:39,2,0,0
BRDA:39,2,1,0
BRDA:41,3,0,0
BRDA:41,3,1,0
BRDA:43,4,0,0
BRDA:49,5,0,0
BRDA:65,6,0,0
BRDA:68,7,0,0
BRDA:81,8,0,0
BRDA:81,8,1,0
BRDA:127,9,0,0
BRDA:127,9,1,0
BRDA:137,10,0,0
BRDA:138,11,0,0
BRDA:138,11,1,0
BRDA:161,12,0,0
BRDA:162,13,0,0
BRDA:162,13,1,0
BRF:22
BRH:0
end_of_record
TN:
SF:src/storage/settings-storage.ts
FN:12,isBrowser
FN:19,getSecretsDir
FN:45,storeSettingPermanently
FN:63,getStoredSetting
FNF:4
FNH:3
FNDA:36,isBrowser
FNDA:18,getSecretsDir
FNDA:0,storeSettingPermanently
FNDA:18,getStoredSetting
DA:2,2
DA:3,2
DA:4,2
DA:7,2
DA:13,36
DA:20,18
DA:21,0
DA:24,18
DA:25,18
DA:26,18
DA:29,18
DA:30,0
DA:32,18
DA:33,0
DA:36,18
DA:45,2
DA:46,0
DA:48,0
DA:51,0
DA:52,0
DA:53,0
DA:63,2
DA:64,18
DA:66,0
DA:69,18
DA:70,18
DA:71,18
DA:72,18
DA:73,0
DA:76,0
DA:78,18
LF:31
LH:20
BRDA:13,0,0,36
BRDA:13,0,1,0
BRDA:20,1,0,0
BRDA:29,2,0,0
BRDA:32,3,0,0
BRDA:46,4,0,0
BRDA:46,4,1,0
BRDA:64,5,0,0
BRDA:64,5,1,18
BRDA:66,6,0,0
BRDA:66,6,1,0
BRDA:72,7,0,0
BRF:12
BRH:2
end_of_record
TN:
SF:src/types/index.ts
FN:19,(anonymous_0)
FNF:1
FNH:1
FNDA:8,(anonymous_0)
DA:11,2
DA:18,2
DA:20,8
DA:21,8
DA:25,2
LF:5
LH:5
BRF:0
BRH:0
end_of_record
