TN:
SF:src/index.ts
FNF:0
FNH:0
DA:26,0
LF:1
LH:0
BRF:0
BRH:0
end_of_record
TN:
SF:src/core/interface-base.ts
FN:12,loggedIn
FN:13,(anonymous_13)
FN:16,(anonymous_14)
FN:32,freshLogin
FN:33,(anonymous_16)
FN:36,(anonymous_17)
FN:58,formatDict
FN:92,(anonymous_19)
FN:125,(anonymous_20)
FN:145,(anonymous_21)
FN:165,(anonymous_22)
FN:193,(anonymous_23)
FN:216,(anonymous_24)
FN:244,(anonymous_25)
FN:280,(anonymous_26)
FN:339,(anonymous_27)
FN:356,(anonymous_28)
FN:358,(anonymous_29)
FN:367,(anonymous_30)
FN:369,(anonymous_31)
FN:372,(anonymous_32)
FN:373,(anonymous_33)
FN:385,(anonymous_34)
FN:390,(anonymous_35)
FNF:24
FNH:18
FNDA:2,loggedIn
FNDA:2,(anonymous_13)
FNDA:1,(anonymous_14)
FNDA:8,freshLogin
FNDA:8,(anonymous_16)
FNDA:12,(anonymous_17)
FNDA:8,formatDict
FNDA:18,(anonymous_19)
FNDA:17,(anonymous_20)
FNDA:1,(anonymous_21)
FNDA:18,(anonymous_22)
FNDA:3,(anonymous_23)
FNDA:4,(anonymous_24)
FNDA:3,(anonymous_25)
FNDA:0,(anonymous_26)
FNDA:0,(anonymous_27)
FNDA:1,(anonymous_28)
FNDA:3,(anonymous_29)
FNDA:0,(anonymous_30)
FNDA:0,(anonymous_31)
FNDA:0,(anonymous_32)
FNDA:0,(anonymous_33)
FNDA:2,(anonymous_34)
FNDA:3,(anonymous_35)
DA:1,2
DA:3,2
DA:4,2
DA:7,2
DA:13,2
DA:14,2
DA:16,2
DA:18,1
DA:19,1
DA:20,0
DA:22,1
DA:25,2
DA:33,8
DA:34,8
DA:36,8
DA:38,12
DA:39,12
DA:40,0
DA:43,12
DA:44,12
DA:45,0
DA:48,12
DA:51,8
DA:58,2
DA:59,8
DA:65,8
DA:66,1
DA:69,8
DA:75,2
DA:97,18
DA:98,0
DA:100,18
DA:102,18
DA:103,0
DA:105,18
DA:107,18
DA:108,18
DA:109,18
DA:111,18
DA:126,17
DA:133,17
DA:135,16
DA:145,2
DA:146,1
DA:152,1
DA:154,1
DA:166,18
DA:167,18
DA:173,18
DA:174,18
DA:179,17
DA:180,17
DA:181,17
DA:182,17
DA:184,1
DA:185,1
DA:193,2
DA:194,3
DA:195,3
DA:202,3
DA:204,3
DA:209,3
DA:216,2
DA:217,4
DA:218,4
DA:225,4
DA:227,4
DA:232,4
DA:244,2
DA:250,3
DA:251,3
DA:258,3
DA:263,3
DA:265,3
DA:267,3
DA:290,0
DA:292,0
DA:293,0
DA:294,0
DA:295,0
DA:297,0
DA:306,0
DA:307,0
DA:310,0
DA:312,0
DA:314,0
DA:320,0
DA:322,0
DA:323,0
DA:324,0
DA:325,0
DA:327,0
DA:330,0
DA:334,0
DA:338,0
DA:339,0
DA:340,0
DA:344,0
DA:346,0
DA:349,0
DA:357,1
DA:358,3
DA:368,0
DA:369,0
DA:371,0
DA:372,0
DA:373,0
DA:376,0
DA:385,2
DA:386,2
DA:389,2
DA:390,3
DA:392,2
DA:393,1
DA:396,1
DA:399,0
DA:400,0
DA:403,0
LF:118
LH:79
BRDA:19,0,0,0
BRDA:39,1,0,0
BRDA:44,2,0,0
BRDA:44,3,0,12
BRDA:44,3,1,12
BRDA:65,4,0,1
BRDA:97,5,0,0
BRDA:102,6,0,0
BRDA:107,7,0,18
BRDA:107,7,1,18
BRDA:108,8,0,18
BRDA:108,8,1,18
BRDA:285,9,0,0
BRDA:286,10,0,0
BRDA:290,11,0,0
BRDA:290,11,1,0
BRDA:306,12,0,0
BRDA:310,13,0,0
BRDA:310,13,1,0
BRDA:320,14,0,0
BRDA:367,15,0,0
BRDA:371,16,0,0
BRDA:373,17,0,0
BRDA:373,17,1,0
BRDA:389,18,0,2
BRDA:389,18,1,0
BRDA:392,19,0,1
BRDA:399,20,0,0
BRF:28
BRH:9
end_of_record
TN:
SF:src/core/settings.ts
FN:23,(anonymous_0)
FN:63,permanentSetting
FNF:2
FNH:1
FNDA:23,(anonymous_0)
FNDA:0,permanentSetting
DA:2,3
DA:13,3
DA:27,23
DA:28,23
DA:29,23
DA:32,23
DA:33,23
DA:34,2
DA:36,23
DA:37,2
DA:39,23
DA:40,2
DA:45,23
DA:46,1
DA:48,23
DA:49,1
DA:51,23
DA:52,19
DA:63,3
DA:64,0
DA:65,0
DA:68,0
LF:22
LH:19
BRDA:32,0,0,23
BRDA:32,1,0,23
BRDA:32,1,1,23
BRDA:33,2,0,2
BRDA:33,3,0,23
BRDA:33,3,1,3
BRDA:36,4,0,2
BRDA:36,5,0,23
BRDA:36,5,1,3
BRDA:39,6,0,2
BRDA:39,7,0,23
BRDA:39,7,1,21
BRDA:45,8,0,1
BRDA:48,9,0,1
BRDA:51,10,0,19
BRDA:64,11,0,0
BRF:16
BRH:15
end_of_record
TN:
SF:src/mapping/process-mapping.ts
FN:32,(anonymous_0)
FN:44,(anonymous_1)
FN:60,(anonymous_2)
FN:72,(anonymous_3)
FN:87,(anonymous_4)
FN:88,(anonymous_5)
FNF:6
FNH:0
FNDA:0,(anonymous_0)
FNDA:0,(anonymous_1)
FNDA:0,(anonymous_2)
FNDA:0,(anonymous_3)
FNDA:0,(anonymous_4)
FNDA:0,(anonymous_5)
DA:33,0
DA:34,0
DA:49,0
DA:50,0
DA:52,0
DA:54,0
DA:55,0
DA:56,0
DA:57,0
DA:60,0
DA:63,0
DA:73,0
DA:74,0
DA:77,0
DA:78,0
DA:80,0
DA:82,0
DA:83,0
DA:86,0
DA:87,0
DA:88,0
DA:90,0
DA:91,0
DA:95,0
DA:104,0
DA:105,0
DA:108,0
DA:113,0
DA:116,0
LF:29
LH:0
BRDA:34,0,0,0
BRDA:34,0,1,0
BRDA:72,1,0,0
BRDA:73,2,0,0
BRDA:80,3,0,0
BRDA:80,3,1,0
BRDA:82,4,0,0
BRDA:104,5,0,0
BRF:8
BRH:0
end_of_record
TN:
SF:src/process/process.ts
FN:11,(anonymous_2)
FN:31,getProcessFileTypeDisplayName
FN:51,selectedProcess
FN:52,(anonymous_5)
FN:55,(anonymous_6)
FN:73,splitUrl
FN:77,(anonymous_8)
FN:98,(anonymous_9)
FN:120,(anonymous_10)
FN:133,(anonymous_11)
FN:159,(anonymous_12)
FN:166,(anonymous_13)
FN:177,(anonymous_14)
FN:181,(anonymous_15)
FNF:14
FNH:0
FNDA:0,(anonymous_2)
FNDA:0,getProcessFileTypeDisplayName
FNDA:0,selectedProcess
FNDA:0,(anonymous_5)
FNDA:0,(anonymous_6)
FNDA:0,splitUrl
FNDA:0,(anonymous_8)
FNDA:0,(anonymous_9)
FNDA:0,(anonymous_10)
FNDA:0,(anonymous_11)
FNDA:0,(anonymous_12)
FNDA:0,(anonymous_13)
FNDA:0,(anonymous_14)
FNDA:0,(anonymous_15)
DA:6,0
DA:11,0
DA:12,0
DA:13,0
DA:14,0
DA:15,0
DA:16,0
DA:22,0
DA:32,0
DA:34,0
DA:36,0
DA:38,0
DA:40,0
DA:42,0
DA:44,0
DA:52,0
DA:53,0
DA:55,0
DA:57,0
DA:58,0
DA:59,0
DA:61,0
DA:64,0
DA:74,0
DA:75,0
DA:77,0
DA:78,0
DA:81,0
DA:99,0
DA:100,0
DA:101,0
DA:103,0
DA:105,0
DA:106,0
DA:108,0
DA:109,0
DA:112,0
DA:121,0
DA:122,0
DA:124,0
DA:133,0
DA:134,0
DA:141,0
DA:151,0
DA:153,0
DA:160,0
DA:167,0
DA:177,0
DA:178,0
DA:180,0
DA:181,0
DA:182,0
DA:183,0
DA:184,0
DA:187,0
DA:188,0
DA:189,0
DA:192,0
DA:194,0
DA:201,0
DA:202,0
DA:205,0
DA:206,0
DA:207,0
DA:209,0
DA:210,0
DA:216,0
DA:217,0
DA:218,0
DA:221,0
DA:230,0
LF:71
LH:0
BRDA:11,0,0,0
BRDA:11,0,1,0
BRDA:32,1,0,0
BRDA:32,1,1,0
BRDA:32,1,2,0
BRDA:32,1,3,0
BRDA:32,1,4,0
BRDA:32,1,5,0
BRDA:58,2,0,0
BRDA:100,3,0,0
BRDA:105,4,0,0
BRDA:105,4,1,0
BRDA:108,5,0,0
BRDA:120,6,0,0
BRDA:121,7,0,0
BRDA:187,8,0,0
BRDA:201,9,0,0
BRDA:206,10,0,0
BRDA:206,10,1,0
BRDA:209,11,0,0
BRF:20
BRH:0
end_of_record
TN:
SF:src/release/release.ts
FN:10,(anonymous_9)
FN:22,getReleaseFilenameTemplate
FN:44,formatReleaseFilename
FN:62,(anonymous_12)
FN:64,(anonymous_13)
FN:77,(anonymous_14)
FN:107,(anonymous_15)
FN:109,(anonymous_16)
FN:123,(anonymous_17)
FN:154,(anonymous_18)
FN:168,(anonymous_19)
FN:185,(anonymous_20)
FN:187,(anonymous_21)
FN:219,(anonymous_22)
FN:221,(anonymous_23)
FN:241,(anonymous_24)
FN:325,(anonymous_25)
FN:328,(anonymous_26)
FN:333,(anonymous_27)
FN:371,(anonymous_28)
FN:395,(anonymous_29)
FN:398,(anonymous_30)
FN:424,(anonymous_31)
FN:508,(anonymous_32)
FN:526,(anonymous_33)
FN:528,(anonymous_34)
FN:540,(anonymous_35)
FNF:27
FNH:14
FNDA:1,(anonymous_9)
FNDA:1,getReleaseFilenameTemplate
FNDA:1,formatReleaseFilename
FNDA:2,(anonymous_12)
FNDA:3,(anonymous_13)
FNDA:1,(anonymous_14)
FNDA:2,(anonymous_15)
FNDA:3,(anonymous_16)
FNDA:1,(anonymous_17)
FNDA:1,(anonymous_18)
FNDA:1,(anonymous_19)
FNDA:0,(anonymous_20)
FNDA:0,(anonymous_21)
FNDA:1,(anonymous_22)
FNDA:2,(anonymous_23)
FNDA:3,(anonymous_24)
FNDA:0,(anonymous_25)
FNDA:0,(anonymous_26)
FNDA:0,(anonymous_27)
FNDA:0,(anonymous_28)
FNDA:0,(anonymous_29)
FNDA:0,(anonymous_30)
FNDA:0,(anonymous_31)
FNDA:0,(anonymous_32)
FNDA:0,(anonymous_33)
FNDA:0,(anonymous_34)
FNDA:0,(anonymous_35)
DA:1,1
DA:2,1
DA:3,1
DA:4,1
DA:5,1
DA:10,1
DA:11,1
DA:12,1
DA:13,1
DA:14,1
DA:15,1
DA:16,1
DA:23,1
DA:25,1
DA:27,0
DA:29,0
DA:31,0
DA:33,0
DA:35,0
DA:37,0
DA:49,1
DA:50,1
DA:58,1
DA:63,2
DA:64,2
DA:65,3
DA:66,3
DA:82,1
DA:84,1
DA:85,0
DA:88,1
DA:108,2
DA:109,2
DA:110,3
DA:111,3
DA:129,1
DA:131,1
DA:132,0
DA:135,1
DA:155,1
DA:156,1
DA:175,1
DA:176,1
DA:178,1
DA:180,1
DA:185,0
DA:186,0
DA:187,0
DA:189,0
DA:191,0
DA:192,0
DA:193,0
DA:195,0
DA:196,0
DA:200,1
DA:220,1
DA:221,1
DA:222,2
DA:223,2
DA:254,3
DA:255,0
DA:258,0
DA:263,0
DA:274,0
DA:275,0
DA:277,0
DA:278,0
DA:283,3
DA:291,3
DA:292,3
DA:293,3
DA:294,0
DA:295,0
DA:301,3
DA:306,3
DA:307,0
DA:309,0
DA:310,0
DA:311,0
DA:312,0
DA:315,0
DA:316,0
DA:317,0
DA:319,0
DA:322,0
DA:325,0
DA:326,0
DA:328,0
DA:329,0
DA:330,0
DA:333,0
DA:334,0
DA:335,0
DA:340,0
DA:350,0
DA:352,0
DA:355,0
DA:364,0
DA:368,0
DA:371,0
DA:374,0
DA:377,0
DA:378,0
DA:383,0
DA:387,0
DA:389,0
DA:392,0
DA:395,0
DA:396,0
DA:398,0
DA:399,0
DA:400,0
DA:404,0
DA:406,0
DA:408,0
DA:410,0
DA:415,0
DA:416,0
DA:418,0
DA:420,0
DA:424,0
DA:425,0
DA:428,0
DA:438,0
DA:440,0
DA:443,0
DA:452,0
DA:455,3
DA:456,0
DA:458,0
DA:459,0
DA:460,0
DA:461,0
DA:464,0
DA:465,0
DA:466,0
DA:468,0
DA:471,0
DA:472,0
DA:475,0
DA:486,0
DA:488,0
DA:490,0
DA:493,0
DA:502,0
DA:506,0
DA:508,0
DA:511,0
DA:514,0
DA:515,0
DA:518,0
DA:519,0
DA:520,0
DA:523,0
DA:524,0
DA:526,0
DA:527,0
DA:528,0
DA:529,0
DA:531,0
DA:536,0
DA:537,0
DA:540,0
DA:541,0
DA:544,0
DA:554,0
DA:556,0
DA:559,0
DA:568,0
DA:573,3
DA:582,3
LF:171
LH:52
BRDA:10,0,0,1
BRDA:10,0,1,1
BRDA:23,1,0,1
BRDA:23,1,1,0
BRDA:23,1,2,0
BRDA:23,1,3,0
BRDA:23,1,4,0
BRDA:23,1,5,0
BRDA:23,1,6,0
BRDA:79,2,0,1
BRDA:80,3,0,1
BRDA:84,4,0,0
BRDA:126,5,0,1
BRDA:127,6,0,1
BRDA:131,7,0,0
BRDA:172,8,0,1
BRDA:173,9,0,1
BRDA:175,10,0,1
BRDA:175,10,1,1
BRDA:180,11,0,0
BRDA:191,12,0,0
BRDA:191,12,1,0
BRDA:191,13,0,0
BRDA:191,13,1,0
BRDA:247,14,0,0
BRDA:248,15,0,0
BRDA:251,16,0,0
BRDA:254,17,0,0
BRDA:258,18,0,0
BRDA:259,19,0,0
BRDA:259,19,1,0
BRDA:259,19,2,0
BRDA:277,20,0,0
BRDA:277,21,0,0
BRDA:277,21,1,0
BRDA:291,22,0,3
BRDA:294,23,0,0
BRDA:306,24,0,0
BRDA:306,24,1,3
BRDA:306,25,0,3
BRDA:306,25,1,1
BRDA:307,26,0,0
BRDA:307,26,1,0
BRDA:316,27,0,0
BRDA:399,28,0,0
BRDA:399,28,1,0
BRDA:455,29,0,0
BRDA:455,29,1,3
BRDA:455,30,0,3
BRDA:455,30,1,0
BRDA:456,31,0,0
BRDA:456,31,1,0
BRDA:465,32,0,0
BRDA:527,33,0,0
BRF:54
BRH:17
end_of_record
TN:
SF:src/storage/cached-storage.ts
FN:10,isBrowser
FN:17,getDefaultCacheDir
FN:38,(anonymous_2)
FN:64,(anonymous_3)
FN:80,(anonymous_4)
FN:83,(anonymous_5)
FN:99,(anonymous_6)
FN:109,(anonymous_7)
FN:118,(anonymous_8)
FN:126,(anonymous_9)
FN:129,(anonymous_10)
FN:134,(anonymous_11)
FN:161,(anonymous_12)
FN:168,(anonymous_13)
FN:172,(anonymous_14)
FN:176,(anonymous_15)
FN:180,(anonymous_16)
FNF:17
FNH:0
FNDA:0,isBrowser
FNDA:0,getDefaultCacheDir
FNDA:0,(anonymous_2)
FNDA:0,(anonymous_3)
FNDA:0,(anonymous_4)
FNDA:0,(anonymous_5)
FNDA:0,(anonymous_6)
FNDA:0,(anonymous_7)
FNDA:0,(anonymous_8)
FNDA:0,(anonymous_9)
FNDA:0,(anonymous_10)
FNDA:0,(anonymous_11)
FNDA:0,(anonymous_12)
FNDA:0,(anonymous_13)
FNDA:0,(anonymous_14)
FNDA:0,(anonymous_15)
FNDA:0,(anonymous_16)
DA:11,0
DA:18,0
DA:19,0
DA:21,0
DA:22,0
DA:39,0
DA:41,0
DA:43,0
DA:44,0
DA:48,0
DA:49,0
DA:50,0
DA:53,0
DA:56,0
DA:57,0
DA:65,0
DA:66,0
DA:67,0
DA:68,0
DA:69,0
DA:72,0
DA:81,0
DA:83,0
DA:84,0
DA:88,0
DA:89,0
DA:100,0
DA:101,0
DA:110,0
DA:119,0
DA:120,0
DA:127,0
DA:129,0
DA:130,0
DA:134,0
DA:135,0
DA:136,0
DA:137,0
DA:138,0
DA:139,0
DA:141,0
DA:145,0
DA:150,0
DA:151,0
DA:162,0
DA:163,0
DA:165,0
DA:166,0
DA:168,0
DA:169,0
DA:170,0
DA:172,0
DA:173,0
DA:176,0
DA:177,0
DA:180,0
DA:181,0
LF:57
LH:0
BRDA:11,0,0,0
BRDA:11,0,1,0
BRDA:18,1,0,0
BRDA:18,1,1,0
BRDA:39,2,0,0
BRDA:39,2,1,0
BRDA:41,3,0,0
BRDA:41,3,1,0
BRDA:43,4,0,0
BRDA:49,5,0,0
BRDA:65,6,0,0
BRDA:68,7,0,0
BRDA:81,8,0,0
BRDA:81,8,1,0
BRDA:127,9,0,0
BRDA:127,9,1,0
BRDA:137,10,0,0
BRDA:138,11,0,0
BRDA:138,11,1,0
BRDA:161,12,0,0
BRDA:162,13,0,0
BRDA:162,13,1,0
BRF:22
BRH:0
end_of_record
TN:
SF:src/storage/settings-storage.ts
FN:12,isBrowser
FN:19,getSecretsDir
FN:45,storeSettingPermanently
FN:63,getStoredSetting
FNF:4
FNH:3
FNDA:36,isBrowser
FNDA:18,getSecretsDir
FNDA:0,storeSettingPermanently
FNDA:18,getStoredSetting
DA:2,2
DA:3,2
DA:4,2
DA:7,2
DA:13,36
DA:20,18
DA:21,0
DA:24,18
DA:25,18
DA:26,18
DA:29,18
DA:30,0
DA:32,18
DA:33,0
DA:36,18
DA:45,2
DA:46,0
DA:48,0
DA:51,0
DA:52,0
DA:53,0
DA:63,2
DA:64,18
DA:66,0
DA:69,18
DA:70,18
DA:71,18
DA:72,18
DA:73,0
DA:76,0
DA:78,18
LF:31
LH:20
BRDA:13,0,0,36
BRDA:13,0,1,0
BRDA:20,1,0,0
BRDA:29,2,0,0
BRDA:32,3,0,0
BRDA:46,4,0,0
BRDA:46,4,1,0
BRDA:64,5,0,0
BRDA:64,5,1,18
BRDA:66,6,0,0
BRDA:66,6,1,0
BRDA:72,7,0,0
BRF:12
BRH:2
end_of_record
TN:
SF:src/types/index.ts
FN:19,(anonymous_0)
FNF:1
FNH:1
FNDA:8,(anonymous_0)
DA:11,2
DA:18,2
DA:20,8
DA:21,8
DA:25,2
LF:5
LH:5
BRF:0
BRH:0
end_of_record
TN:
SF:src/utils/logger.ts
FN:4,(anonymous_0)
FN:21,setLogLevel
FN:28,getLogLevel
FN:43,(anonymous_3)
FN:53,(anonymous_4)
FN:65,(anonymous_5)
FN:77,(anonymous_6)
FN:89,(anonymous_7)
FN:101,getLogger
FNF:9
FNH:0
FNDA:0,(anonymous_0)
FNDA:0,setLogLevel
FNDA:0,getLogLevel
FNDA:0,(anonymous_3)
FNDA:0,(anonymous_4)
FNDA:0,(anonymous_5)
FNDA:0,(anonymous_6)
FNDA:0,(anonymous_7)
FNDA:0,getLogger
DA:4,0
DA:5,0
DA:6,0
DA:7,0
DA:8,0
DA:14,0
DA:22,0
DA:29,0
DA:44,0
DA:54,0
DA:55,0
DA:66,0
DA:67,0
DA:78,0
DA:79,0
DA:90,0
DA:91,0
DA:102,0
LF:18
LH:0
BRDA:4,0,0,0
BRDA:4,0,1,0
BRDA:54,1,0,0
BRDA:66,2,0,0
BRDA:78,3,0,0
BRDA:90,4,0,0
BRF:6
BRH:0
end_of_record
